;  LST file generated by mikroListExporter - v.2.0 
; Date/Time: 30-Dec-22 9:41:13 PM
;----------------------------------------------

;Address Opcode 	ASM
0x0000	0x2C74      	GOTO       1140
_interrupt:
0x0004	0x00FF      	MOVWF      R15
0x0005	0x0E03      	SWAPF      STATUS, 0
0x0006	0x0183      	CLRF       STATUS
0x0007	0x00DC      	MOVWF      ___saveSTATUS
0x0008	0x080A      	MOVF       PCLATH, 0
0x0009	0x00DD      	MOVWF      ___savePCLATH
0x000A	0x018A      	CLRF       PCLATH
0x000B	0x0870      	MOVF       R0, 0
0x000C	0x00A5      	MOVWF      37
0x000D	0x0871      	MOVF       R1, 0
0x000E	0x00A4      	MOVWF      36
0x000F	0x0872      	MOVF       R2, 0
0x0010	0x00A3      	MOVWF      35
0x0011	0x087C      	MOVF       R12, 0
0x0012	0x00A2      	MOVWF      34
0x0013	0x087D      	MOVF       R13, 0
0x0014	0x00A1      	MOVWF      33
;IntegrationV2.c,402 :: 		void interrupt(){
;IntegrationV2.c,404 :: 		if (PORTD.F6==1)
0x0015	0x1F08      	BTFSS      PORTD, 6
0x0016	0x2846      	GOTO       L_interrupt44
;IntegrationV2.c,406 :: 		delay_ms(50);
0x0017	0x3041      	MOVLW      65
0x0018	0x00FC      	MOVWF      R12
0x0019	0x30EE      	MOVLW      238
0x001A	0x00FD      	MOVWF      R13
L_interrupt45:
0x001B	0x0BFD      	DECFSZ     R13, 1
0x001C	0x281B      	GOTO       L_interrupt45
0x001D	0x0BFC      	DECFSZ     R12, 1
0x001E	0x281B      	GOTO       L_interrupt45
0x001F	0x0000      	NOP
;IntegrationV2.c,407 :: 		if (buttonCounter==0)
0x0020	0x3000      	MOVLW      0
0x0021	0x0627      	XORWF      _buttonCounter+1, 0
0x0022	0x1D03      	BTFSS      STATUS, 2
0x0023	0x2826      	GOTO       L__interrupt91
0x0024	0x3000      	MOVLW      0
0x0025	0x0626      	XORWF      _buttonCounter, 0
L__interrupt91:
0x0026	0x1D03      	BTFSS      STATUS, 2
0x0027	0x282C      	GOTO       L_interrupt46
;IntegrationV2.c,409 :: 		buttonCounter=buttonCounter+1;
0x0028	0x0AA6      	INCF       _buttonCounter, 1
0x0029	0x1903      	BTFSC      STATUS, 2
0x002A	0x0AA7      	INCF       _buttonCounter+1, 1
;IntegrationV2.c,410 :: 		}
0x002B	0x2842      	GOTO       L_interrupt47
L_interrupt46:
;IntegrationV2.c,411 :: 		else if(buttonCounter==1)
0x002C	0x3000      	MOVLW      0
0x002D	0x0627      	XORWF      _buttonCounter+1, 0
0x002E	0x1D03      	BTFSS      STATUS, 2
0x002F	0x2832      	GOTO       L__interrupt92
0x0030	0x3001      	MOVLW      1
0x0031	0x0626      	XORWF      _buttonCounter, 0
L__interrupt92:
0x0032	0x1D03      	BTFSS      STATUS, 2
0x0033	0x2838      	GOTO       L_interrupt48
;IntegrationV2.c,413 :: 		buttonCounter=buttonCounter+1;
0x0034	0x0AA6      	INCF       _buttonCounter, 1
0x0035	0x1903      	BTFSC      STATUS, 2
0x0036	0x0AA7      	INCF       _buttonCounter+1, 1
;IntegrationV2.c,414 :: 		}
0x0037	0x2842      	GOTO       L_interrupt49
L_interrupt48:
;IntegrationV2.c,415 :: 		else if(buttonCounter==2)
0x0038	0x3000      	MOVLW      0
0x0039	0x0627      	XORWF      _buttonCounter+1, 0
0x003A	0x1D03      	BTFSS      STATUS, 2
0x003B	0x283E      	GOTO       L__interrupt93
0x003C	0x3002      	MOVLW      2
0x003D	0x0626      	XORWF      _buttonCounter, 0
L__interrupt93:
0x003E	0x1D03      	BTFSS      STATUS, 2
0x003F	0x2842      	GOTO       L_interrupt50
;IntegrationV2.c,417 :: 		buttonCounter=0;
0x0040	0x01A6      	CLRF       _buttonCounter
0x0041	0x01A7      	CLRF       _buttonCounter+1
;IntegrationV2.c,418 :: 		}
L_interrupt50:
L_interrupt49:
L_interrupt47:
;IntegrationV2.c,419 :: 		changedisplayflag=1;
0x0042	0x3001      	MOVLW      1
0x0043	0x00D3      	MOVWF      _changedisplayflag
0x0044	0x3000      	MOVLW      0
0x0045	0x00D4      	MOVWF      _changedisplayflag+1
;IntegrationV2.c,420 :: 		}
L_interrupt44:
;IntegrationV2.c,422 :: 		if (portd.f5==1)
0x0046	0x1E88      	BTFSS      PORTD, 5
0x0047	0x2855      	GOTO       L_interrupt51
;IntegrationV2.c,424 :: 		delay_ms(50);
0x0048	0x3041      	MOVLW      65
0x0049	0x00FC      	MOVWF      R12
0x004A	0x30EE      	MOVLW      238
0x004B	0x00FD      	MOVWF      R13
L_interrupt52:
0x004C	0x0BFD      	DECFSZ     R13, 1
0x004D	0x284C      	GOTO       L_interrupt52
0x004E	0x0BFC      	DECFSZ     R12, 1
0x004F	0x284C      	GOTO       L_interrupt52
0x0050	0x0000      	NOP
;IntegrationV2.c,425 :: 		shutdownflag=1;
0x0051	0x3001      	MOVLW      1
0x0052	0x00CF      	MOVWF      _shutdownflag
0x0053	0x3000      	MOVLW      0
0x0054	0x00D0      	MOVWF      _shutdownflag+1
;IntegrationV2.c,426 :: 		}
L_interrupt51:
;IntegrationV2.c,428 :: 		if(intcon.f2=1)          //checking timer0 flag
0x0055	0x150B      	BSF        INTCON, 2
0x0056	0x1D0B      	BTFSS      INTCON, 2
0x0057	0x2859      	GOTO       L_interrupt53
;IntegrationV2.c,430 :: 		intcon.f2=0;          //zeroing the flag again to 0
0x0058	0x110B      	BCF        INTCON, 2
;IntegrationV2.c,431 :: 		}
L_interrupt53:
;IntegrationV2.c,432 :: 		interruptCounter++;                      //increment the counter for pulse by one
0x0059	0x0AD1      	INCF       _interruptCounter, 1
0x005A	0x1903      	BTFSC      STATUS, 2
0x005B	0x0AD2      	INCF       _interruptCounter+1, 1
;IntegrationV2.c,433 :: 		UartCounter++;                           //increment the counter for uart by one
0x005C	0x0AC7      	INCF       _UartCounter, 1
0x005D	0x1903      	BTFSC      STATUS, 2
0x005E	0x0AC8      	INCF       _UartCounter+1, 1
;IntegrationV2.c,434 :: 		if(interruptCounter==241)             // 16 for 1 second
0x005F	0x3000      	MOVLW      0
0x0060	0x0652      	XORWF      _interruptCounter+1, 0
0x0061	0x1D03      	BTFSS      STATUS, 2
0x0062	0x2865      	GOTO       L__interrupt94
0x0063	0x30F1      	MOVLW      241
0x0064	0x0651      	XORWF      _interruptCounter, 0
L__interrupt94:
0x0065	0x1D03      	BTFSS      STATUS, 2
0x0066	0x287B      	GOTO       L_interrupt54
;IntegrationV2.c,436 :: 		beatpermin=(TMR1H<<8)|(TMR1L)*4;
0x0067	0x080F      	MOVF       TMR1H, 0
0x0068	0x00CC      	MOVWF      _beatpermin+1
0x0069	0x01CB      	CLRF       _beatpermin
0x006A	0x080E      	MOVF       TMR1L, 0
0x006B	0x00F0      	MOVWF      R0
0x006C	0x01F1      	CLRF       R0+1
0x006D	0x0DF0      	RLF        R0, 1
0x006E	0x0DF1      	RLF        R0+1, 1
0x006F	0x1070      	BCF        R0, 0
0x0070	0x0DF0      	RLF        R0, 1
0x0071	0x0DF1      	RLF        R0+1, 1
0x0072	0x1070      	BCF        R0, 0
0x0073	0x0870      	MOVF       R0, 0
0x0074	0x04CB      	IORWF      _beatpermin, 1
0x0075	0x0871      	MOVF       R0+1, 0
0x0076	0x04CC      	IORWF      _beatpermin+1, 1
;IntegrationV2.c,437 :: 		TMR1H=0;
0x0077	0x018F      	CLRF       TMR1H
;IntegrationV2.c,438 :: 		TMR1L=0;
0x0078	0x018E      	CLRF       TMR1L
;IntegrationV2.c,439 :: 		interruptCounter=0;
0x0079	0x01D1      	CLRF       _interruptCounter
0x007A	0x01D2      	CLRF       _interruptCounter+1
;IntegrationV2.c,440 :: 		}
L_interrupt54:
;IntegrationV2.c,441 :: 		if(UartCounter==160)
0x007B	0x3000      	MOVLW      0
0x007C	0x0648      	XORWF      _UartCounter+1, 0
0x007D	0x1D03      	BTFSS      STATUS, 2
0x007E	0x2881      	GOTO       L__interrupt95
0x007F	0x30A0      	MOVLW      160
0x0080	0x0647      	XORWF      _UartCounter, 0
L__interrupt95:
0x0081	0x1D03      	BTFSS      STATUS, 2
0x0082	0x2889      	GOTO       L_interrupt55
;IntegrationV2.c,442 :: 		{uartflag=1;
0x0083	0x3001      	MOVLW      1
0x0084	0x00D5      	MOVWF      _UartFlag
0x0085	0x3000      	MOVLW      0
0x0086	0x00D6      	MOVWF      _UartFlag+1
;IntegrationV2.c,443 :: 		UartCounter=0;}
0x0087	0x01C7      	CLRF       _UartCounter
0x0088	0x01C8      	CLRF       _UartCounter+1
L_interrupt55:
;IntegrationV2.c,444 :: 		tmr0=0x0c;                   //initialization the timer again to 4.
0x0089	0x300C      	MOVLW      12
0x008A	0x0081      	MOVWF      TMR0
;IntegrationV2.c,445 :: 		}
L_end_interrupt:
L__interrupt90:
0x008B	0x0825      	MOVF       37, 0
0x008C	0x00F0      	MOVWF      R0
0x008D	0x0824      	MOVF       36, 0
0x008E	0x00F1      	MOVWF      R1
0x008F	0x0823      	MOVF       35, 0
0x0090	0x00F2      	MOVWF      R2
0x0091	0x0822      	MOVF       34, 0
0x0092	0x00FC      	MOVWF      R12
0x0093	0x0821      	MOVF       33, 0
0x0094	0x00FD      	MOVWF      R13
0x0095	0x085D      	MOVF       ___savePCLATH, 0
0x0096	0x008A      	MOVWF      PCLATH
0x0097	0x0E5C      	SWAPF      ___saveSTATUS, 0
0x0098	0x0083      	MOVWF      STATUS
0x0099	0x0EFF      	SWAPF      R15, 1
0x009A	0x0E7F      	SWAPF      R15, 0
0x009B	0x0009      	RETFIE
; end of _interrupt
_wr_SPI:
;IntegrationV2.c,57 :: 		unsigned char wr_SPI ( unsigned char dat )
;IntegrationV2.c,59 :: 		SSPBUF = dat;             // write byte to SSPBUF register
0x009C	0x1283      	BCF        STATUS, 5
0x009D	0x1303      	BCF        STATUS, 6
0x009E	0x0863      	MOVF       FARG_wr_SPI_dat, 0
0x009F	0x0093      	MOVWF      SSPBUF
;IntegrationV2.c,60 :: 		while( !SSPSTAT.BF );  // wait until bus cycle complete
L_wr_SPI0:
0x00A0	0x1683      	BSF        STATUS, 5
0x00A1	0x1814      	BTFSC      SSPSTAT, 0
0x00A2	0x28A4      	GOTO       L_wr_SPI1
0x00A3	0x28A0      	GOTO       L_wr_SPI0
L_wr_SPI1:
;IntegrationV2.c,61 :: 		return ( SSPBUF );         //
0x00A4	0x1283      	BCF        STATUS, 5
0x00A5	0x0813      	MOVF       SSPBUF, 0
0x00A6	0x00F0      	MOVWF      R0
;IntegrationV2.c,62 :: 		}
L_end_wr_SPI:
0x00A7	0x0008      	RETURN
; end of _wr_SPI
_SPI_to_74HC595:
;IntegrationV2.c,65 :: 		void SPI_to_74HC595(  )
;IntegrationV2.c,67 :: 		wr_SPI ( LCDpins );     // send LCDpins out the SPI
0x00A8	0x1283      	BCF        STATUS, 5
0x00A9	0x1303      	BCF        STATUS, 6
0x00AA	0x0857      	MOVF       _LCDpins, 0
0x00AB	0x00E3      	MOVWF      FARG_wr_SPI_dat
0x00AC	0x209C      	CALL       _wr_SPI
;IntegrationV2.c,68 :: 		PORTE.B0 = 1;                //move data to parallel pins
0x00AD	0x1409      	BSF        PORTE, 0
;IntegrationV2.c,69 :: 		PORTE.B0 = 0;
0x00AE	0x1009      	BCF        PORTE, 0
;IntegrationV2.c,70 :: 		}
L_end_SPI_to_74HC595:
0x00AF	0x0008      	RETURN
; end of _SPI_to_74HC595
_LCD_sendbyte:
;IntegrationV2.c,72 :: 		void LCD_sendbyte( unsigned char tosend )
;IntegrationV2.c,74 :: 		LCDpins &= 0x0f;                //prepare place for the upper nibble
0x00B0	0x300F      	MOVLW      15
0x00B1	0x1283      	BCF        STATUS, 5
0x00B2	0x1303      	BCF        STATUS, 6
0x00B3	0x05D7      	ANDWF      _LCDpins, 1
;IntegrationV2.c,75 :: 		LCDpins |= ( tosend & 0xf0 );   //copy upper nibble to LCD variable
0x00B4	0x30F0      	MOVLW      240
0x00B5	0x0562      	ANDWF      FARG_LCD_sendbyte_tosend, 0
0x00B6	0x00F0      	MOVWF      R0
0x00B7	0x0870      	MOVF       R0, 0
0x00B8	0x04D7      	IORWF      _LCDpins, 1
;IntegrationV2.c,76 :: 		LCDpins |= E        ;                  //send
0x00B9	0x15D7      	BSF        _LCDpins, 3
;IntegrationV2.c,77 :: 		SPI_to_74HC595();
0x00BA	0x20A8      	CALL       _SPI_to_74HC595
;IntegrationV2.c,78 :: 		LCDpins &= ~E        ;
0x00BB	0x11D7      	BCF        _LCDpins, 3
;IntegrationV2.c,79 :: 		SPI_to_74HC595();
0x00BC	0x20A8      	CALL       _SPI_to_74HC595
;IntegrationV2.c,80 :: 		LCDpins &= 0x0f;                    //prepare place for the lower nibble
0x00BD	0x300F      	MOVLW      15
0x00BE	0x05D7      	ANDWF      _LCDpins, 1
;IntegrationV2.c,81 :: 		LCDpins |= ( tosend << 4 ) & 0xf0;    //copy lower nibble to LCD variable
0x00BF	0x0862      	MOVF       FARG_LCD_sendbyte_tosend, 0
0x00C0	0x00F0      	MOVWF      R0
0x00C1	0x0DF0      	RLF        R0, 1
0x00C2	0x1070      	BCF        R0, 0
0x00C3	0x0DF0      	RLF        R0, 1
0x00C4	0x1070      	BCF        R0, 0
0x00C5	0x0DF0      	RLF        R0, 1
0x00C6	0x1070      	BCF        R0, 0
0x00C7	0x0DF0      	RLF        R0, 1
0x00C8	0x1070      	BCF        R0, 0
0x00C9	0x30F0      	MOVLW      240
0x00CA	0x05F0      	ANDWF      R0, 1
0x00CB	0x0870      	MOVF       R0, 0
0x00CC	0x04D7      	IORWF      _LCDpins, 1
;IntegrationV2.c,82 :: 		LCDpins |= E          ;                   //send
0x00CD	0x15D7      	BSF        _LCDpins, 3
;IntegrationV2.c,83 :: 		SPI_to_74HC595();
0x00CE	0x20A8      	CALL       _SPI_to_74HC595
;IntegrationV2.c,84 :: 		LCDpins &= ~E          ;
0x00CF	0x11D7      	BCF        _LCDpins, 3
;IntegrationV2.c,85 :: 		SPI_to_74HC595();
0x00D0	0x20A8      	CALL       _SPI_to_74HC595
;IntegrationV2.c,86 :: 		}
L_end_LCD_sendbyte:
0x00D1	0x0008      	RETURN
; end of _LCD_sendbyte
_RES032:
;__Lib_MathDouble.c,123 :: 		
;__Lib_MathDouble.c,128 :: 		
0x00D2	0x01F2      	CLRF       R2
;__Lib_MathDouble.c,129 :: 		
0x00D3	0x01F1      	CLRF       R1
;__Lib_MathDouble.c,130 :: 		
0x00D4	0x01F0      	CLRF       R0
;__Lib_MathDouble.c,131 :: 		
0x00D5	0x01F8      	CLRF       R8
;__Lib_MathDouble.c,132 :: 		
0x00D6	0x01F3      	CLRF       R3
;__Lib_MathDouble.c,133 :: 		
0x00D7	0x3000      	MOVLW      0
;__Lib_MathDouble.c,135 :: 		
L_end_RES032:
0x00D8	0x0008      	RETURN
; end of _RES032
_SETFUN32:
;__Lib_MathDouble.c,138 :: 		
;__Lib_MathDouble.c,145 :: 		
0x00D9	0x157B      	BSF        R11, 2
;__Lib_MathDouble.c,146 :: 		
0x00DA	0x1FFB      	BTFSS      R11, 7
;__Lib_MathDouble.c,147 :: 		
0x00DB	0x28E3      	GOTO       SETFUN32EEE
;__Lib_MathDouble.c,148 :: 		
0x00DC	0x3001      	MOVLW      1
;__Lib_MathDouble.c,149 :: 		
0x00DD	0x00F3      	MOVWF      R3
;__Lib_MathDouble.c,150 :: 		
0x00DE	0x01F2      	CLRF       R2
;__Lib_MathDouble.c,151 :: 		
0x00DF	0x01F1      	CLRF       R1
;__Lib_MathDouble.c,152 :: 		
0x00E0	0x01F0      	CLRF       R0
;__Lib_MathDouble.c,153 :: 		
0x00E1	0x0DFA      	RLF        R10, 1
;__Lib_MathDouble.c,154 :: 		
0x00E2	0x0CF2      	RRF        R2, 1
;__Lib_MathDouble.c,155 :: 		
SETFUN32EEE:
;__Lib_MathDouble.c,156 :: 		
0x00E3	0x30FF      	MOVLW      255
;__Lib_MathDouble.c,158 :: 		
L_end_SETFUN32:
0x00E4	0x0008      	RETURN
; end of _SETFUN32
_FIXSIGN32:
;__Lib_MathDouble.c,112 :: 		
;__Lib_MathDouble.c,116 :: 		
0x00E5	0x1FFA      	BTFSS      R10, 7
;__Lib_MathDouble.c,117 :: 		
0x00E6	0x13F2      	BCF        R2, 7
;__Lib_MathDouble.c,118 :: 		
0x00E7	0x3000      	MOVLW      0
;__Lib_MathDouble.c,120 :: 		
L_end_FIXSIGN32:
0x00E8	0x0008      	RETURN
; end of _FIXSIGN32
_NRM3232:
;__Lib_MathDouble.c,167 :: 		
;__Lib_MathDouble.c,173 :: 		
;__Lib_MathDouble.c,175 :: 		
0x00E9	0x01A0      	CLRF       __math_tempbD
;__Lib_MathDouble.c,176 :: 		
0x00EA	0x0872      	MOVF       R2, 0
;__Lib_MathDouble.c,177 :: 		
0x00EB	0x1D03      	BTFSS      STATUS, 2
;__Lib_MathDouble.c,178 :: 		
0x00EC	0x28FE      	GOTO       NORM3232
;__Lib_MathDouble.c,179 :: 		
0x00ED	0x0871      	MOVF       R1, 0
;__Lib_MathDouble.c,180 :: 		
0x00EE	0x00F2      	MOVWF      R2
;__Lib_MathDouble.c,181 :: 		
0x00EF	0x0870      	MOVF       R0, 0
;__Lib_MathDouble.c,182 :: 		
0x00F0	0x00F1      	MOVWF      R1
;__Lib_MathDouble.c,183 :: 		
0x00F1	0x01F0      	CLRF       R0
;__Lib_MathDouble.c,184 :: 		
0x00F2	0x15A0      	BSF        __math_tempbD, 3
;__Lib_MathDouble.c,186 :: 		
0x00F3	0x0872      	MOVF       R2, 0
;__Lib_MathDouble.c,187 :: 		
0x00F4	0x1D03      	BTFSS      STATUS, 2
;__Lib_MathDouble.c,188 :: 		
0x00F5	0x28FE      	GOTO       NORM3232
;__Lib_MathDouble.c,189 :: 		
0x00F6	0x0871      	MOVF       R1, 0
;__Lib_MathDouble.c,190 :: 		
0x00F7	0x00F2      	MOVWF      R2
;__Lib_MathDouble.c,191 :: 		
0x00F8	0x01F1      	CLRF       R1
;__Lib_MathDouble.c,192 :: 		
0x00F9	0x11A0      	BCF        __math_tempbD, 3
;__Lib_MathDouble.c,193 :: 		
0x00FA	0x1620      	BSF        __math_tempbD, 4
;__Lib_MathDouble.c,195 :: 		
0x00FB	0x0872      	MOVF       R2, 0
;__Lib_MathDouble.c,196 :: 		
0x00FC	0x1903      	BTFSC      STATUS, 2
;__Lib_MathDouble.c,197 :: 		
0x00FD	0x290C      	GOTO       JPNRES032
;__Lib_MathDouble.c,198 :: 		
NORM3232:
;__Lib_MathDouble.c,199 :: 		
0x00FE	0x0820      	MOVF       __math_tempbD, 0
;__Lib_MathDouble.c,200 :: 		
0x00FF	0x02F3      	SUBWF      R3, 1
;__Lib_MathDouble.c,201 :: 		
0x0100	0x1D03      	BTFSS      STATUS, 2
;__Lib_MathDouble.c,202 :: 		
0x0101	0x1C03      	BTFSS      STATUS, 0
;__Lib_MathDouble.c,203 :: 		
0x0102	0x2910      	GOTO       JPNSETFUN32
;__Lib_MathDouble.c,204 :: 		
0x0103	0x1003      	BCF        STATUS, 0
;__Lib_MathDouble.c,205 :: 		
NORM3232A:
;__Lib_MathDouble.c,206 :: 		
0x0104	0x1BF2      	BTFSC      R2, 7
;__Lib_MathDouble.c,207 :: 		
0x0105	0x2914      	GOTO       JMPNFIXSIGN32
;__Lib_MathDouble.c,208 :: 		
0x0106	0x0DF0      	RLF        R0, 1
;__Lib_MathDouble.c,209 :: 		
0x0107	0x0DF1      	RLF        R1, 1
;__Lib_MathDouble.c,210 :: 		
0x0108	0x0DF2      	RLF        R2, 1
;__Lib_MathDouble.c,211 :: 		
0x0109	0x0BF3      	DECFSZ     R3, 1
;__Lib_MathDouble.c,212 :: 		
0x010A	0x2904      	GOTO       NORM3232A
;__Lib_MathDouble.c,213 :: 		
0x010B	0x2910      	GOTO       JPNSETFUN32
;__Lib_MathDouble.c,214 :: 		
JPNRES032:
;__Lib_MathDouble.c,215 :: 		
0x010C	0x3001      	MOVLW      1
;__Lib_MathDouble.c,216 :: 		
0x010D	0x00FC      	MOVWF      R12
;__Lib_MathDouble.c,218 :: 		
0x010E	0x20D2      	CALL       _RES032
;__Lib_MathDouble.c,220 :: 		
0x010F	0x2917      	GOTO       NORM32EEE
;__Lib_MathDouble.c,221 :: 		
JPNSETFUN32:
;__Lib_MathDouble.c,222 :: 		
0x0110	0x3002      	MOVLW      2
;__Lib_MathDouble.c,223 :: 		
0x0111	0x00FC      	MOVWF      R12
;__Lib_MathDouble.c,225 :: 		
0x0112	0x20D9      	CALL       _SETFUN32
;__Lib_MathDouble.c,227 :: 		
0x0113	0x2917      	GOTO       NORM32EEE
;__Lib_MathDouble.c,228 :: 		
JMPNFIXSIGN32:
;__Lib_MathDouble.c,229 :: 		
0x0114	0x3004      	MOVLW      4
;__Lib_MathDouble.c,230 :: 		
0x0115	0x00FC      	MOVWF      R12
;__Lib_MathDouble.c,232 :: 		
0x0116	0x20E5      	CALL       _FIXSIGN32
;__Lib_MathDouble.c,234 :: 		
NORM32EEE:
;__Lib_MathDouble.c,236 :: 		
L_end_NRM3232:
0x0117	0x0008      	RETURN
; end of _NRM3232
_LCD_sendchar:
;IntegrationV2.c,92 :: 		void LCD_sendchar(unsigned char a)
;IntegrationV2.c,93 :: 		{   LCDpins |= RS            ;
0x0118	0x1283      	BCF        STATUS, 5
0x0119	0x1303      	BCF        STATUS, 6
0x011A	0x1557      	BSF        _LCDpins, 2
;IntegrationV2.c,94 :: 		LCD_sendbyte(a);
0x011B	0x0861      	MOVF       FARG_LCD_sendchar_a, 0
0x011C	0x00E2      	MOVWF      FARG_LCD_sendbyte_tosend
0x011D	0x20B0      	CALL       _LCD_sendbyte
;IntegrationV2.c,95 :: 		}
L_end_LCD_sendchar:
0x011E	0x0008      	RETURN
; end of _LCD_sendchar
_SETIOV3224:
;__Lib_MathDouble.c,1000 :: 		
;__Lib_MathDouble.c,1006 :: 		
0x011F	0x147B      	BSF        R11, 0
;__Lib_MathDouble.c,1007 :: 		
0x0120	0x1FFB      	BTFSS      R11, 7
;__Lib_MathDouble.c,1008 :: 		
0x0121	0x292A      	GOTO       SETIOV3224EEE
;__Lib_MathDouble.c,1010 :: 		
0x0122	0x01F2      	CLRF       R2
;__Lib_MathDouble.c,1011 :: 		
0x0123	0x1FFA      	BTFSS      R10, 7
;__Lib_MathDouble.c,1012 :: 		
0x0124	0x30FF      	MOVLW      255
;__Lib_MathDouble.c,1013 :: 		
0x0125	0x00F2      	MOVWF      R2
;__Lib_MathDouble.c,1014 :: 		
0x0126	0x00F1      	MOVWF      R1
;__Lib_MathDouble.c,1015 :: 		
0x0127	0x00F0      	MOVWF      R0
;__Lib_MathDouble.c,1016 :: 		
0x0128	0x0DFA      	RLF        R10, 1
;__Lib_MathDouble.c,1017 :: 		
0x0129	0x0CF2      	RRF        R2, 1
;__Lib_MathDouble.c,1018 :: 		
SETIOV3224EEE:
;__Lib_MathDouble.c,1019 :: 		
0x012A	0x30FF      	MOVLW      255
;__Lib_MathDouble.c,1021 :: 		
L_end_SETIOV3224:
0x012B	0x0008      	RETURN
; end of _SETIOV3224
_LCD_sendcmd:
;IntegrationV2.c,87 :: 		void LCD_sendcmd(unsigned char a)
;IntegrationV2.c,88 :: 		{   LCDpins &= ~RS         ;
0x012C	0x1283      	BCF        STATUS, 5
0x012D	0x1303      	BCF        STATUS, 6
0x012E	0x1157      	BCF        _LCDpins, 2
;IntegrationV2.c,89 :: 		LCD_sendbyte(a);
0x012F	0x0861      	MOVF       FARG_LCD_sendcmd_a, 0
0x0130	0x00E2      	MOVWF      FARG_LCD_sendbyte_tosend
0x0131	0x20B0      	CALL       _LCD_sendbyte
;IntegrationV2.c,90 :: 		}
L_end_LCD_sendcmd:
0x0132	0x0008      	RETURN
; end of _LCD_sendcmd
_SETFOV32:
;__Lib_MathDouble.c,79 :: 		
;__Lib_MathDouble.c,86 :: 		
0x0133	0x14FB      	BSF        R11, 1
;__Lib_MathDouble.c,87 :: 		
0x0134	0x1FFB      	BTFSS      R11, 7
;__Lib_MathDouble.c,88 :: 		
0x0135	0x293D      	GOTO       SETFOV32EEE
;__Lib_MathDouble.c,89 :: 		
0x0136	0x30FF      	MOVLW      255
;__Lib_MathDouble.c,90 :: 		
0x0137	0x00F3      	MOVWF      R3
;__Lib_MathDouble.c,91 :: 		
0x0138	0x00F2      	MOVWF      R2
;__Lib_MathDouble.c,92 :: 		
0x0139	0x00F1      	MOVWF      R1
;__Lib_MathDouble.c,93 :: 		
0x013A	0x00F0      	MOVWF      R0
;__Lib_MathDouble.c,94 :: 		
0x013B	0x0DFA      	RLF        R10, 1
;__Lib_MathDouble.c,95 :: 		
0x013C	0x0CF2      	RRF        R2, 1
;__Lib_MathDouble.c,96 :: 		
SETFOV32EEE:
;__Lib_MathDouble.c,97 :: 		
0x013D	0x30FF      	MOVLW      255
;__Lib_MathDouble.c,99 :: 		
L_end_SETFOV32:
0x013E	0x0008      	RETURN
; end of _SETFOV32
_word2double:
;__Lib_MathDouble.c,1862 :: 		
;__Lib_MathDouble.c,1868 :: 		
0x013F	0x1283      	BCF        STATUS, 5
;__Lib_MathDouble.c,1869 :: 		
0x0140	0x1303      	BCF        STATUS, 6
;__Lib_MathDouble.c,1870 :: 		
0x0141	0x0870      	MOVF       R0, 0
;__Lib_MathDouble.c,1871 :: 		
0x0142	0x00F8      	MOVWF      R8
;__Lib_MathDouble.c,1872 :: 		
0x0143	0x0871      	MOVF       R1, 0
;__Lib_MathDouble.c,1873 :: 		
0x0144	0x00F0      	MOVWF      R0
;__Lib_MathDouble.c,1874 :: 		
0x0145	0x01F1      	CLRF       R1
;__Lib_MathDouble.c,1875 :: 		
0x0146	0x01F2      	CLRF       R2
;__Lib_MathDouble.c,1876 :: 		
0x0147	0x01F3      	CLRF       R3
;__Lib_MathDouble.c,1879 :: 		
0x0148	0x01FB      	CLRF       R11
;__Lib_MathDouble.c,1880 :: 		
0x0149	0x01FC      	CLRF       R12
;__Lib_MathDouble.c,1882 :: 		
0x014A	0x3096      	MOVLW      150
;__Lib_MathDouble.c,1883 :: 		
0x014B	0x00F3      	MOVWF      R3
;__Lib_MathDouble.c,1884 :: 		
0x014C	0x01FA      	CLRF       R10
;__Lib_MathDouble.c,1886 :: 		
0x014D	0x0870      	MOVF       R0, 0
;__Lib_MathDouble.c,1887 :: 		
0x014E	0x00F1      	MOVWF      R1
;__Lib_MathDouble.c,1888 :: 		
0x014F	0x0878      	MOVF       R8, 0
;__Lib_MathDouble.c,1889 :: 		
0x0150	0x00F0      	MOVWF      R0
;__Lib_MathDouble.c,1890 :: 		
0x0151	0x01F8      	CLRF       R8
;__Lib_MathDouble.c,1891 :: 		
0x0152	0x01F2      	CLRF       R2
;__Lib_MathDouble.c,1893 :: 		
0x0153	0x20E9      	CALL       _NRM3232
;__Lib_MathDouble.c,1894 :: 		
L_end_word2double:
0x0154	0x0008      	RETURN
; end of _word2double
_____DoICP:
;__Lib_System.c,6 :: 		
;__Lib_System.c,9 :: 		
0x0155	0x1283      	BCF        STATUS, 5
0x0156	0x1303      	BCF        STATUS, 6
0x0157	0x0859      	MOVF       ___DoICPAddr+1, 0
0x0158	0x008A      	MOVWF      PCLATH
;__Lib_System.c,10 :: 		
0x0159	0x0858      	MOVF       ___DoICPAddr, 0
0x015A	0x0082      	MOVWF      PCL
;__Lib_System.c,12 :: 		
L_end_____DoICP:
0x015B	0x0008      	RETURN
; end of _____DoICP
_double2word:
;__Lib_MathDouble.c,1529 :: 		
;__Lib_MathDouble.c,1536 :: 		
0x015C	0x1283      	BCF        STATUS, 5
;__Lib_MathDouble.c,1537 :: 		
0x015D	0x1303      	BCF        STATUS, 6
;__Lib_MathDouble.c,1539 :: 		
0x015E	0x01FB      	CLRF       R11
;__Lib_MathDouble.c,1540 :: 		
0x015F	0x01FC      	CLRF       R12
;__Lib_MathDouble.c,1541 :: 		
0x0160	0x01FA      	CLRF       R10
;__Lib_MathDouble.c,1543 :: 		
0x0161	0x0873      	MOVF       R3, 0
;__Lib_MathDouble.c,1544 :: 		
0x0162	0x1903      	BTFSC      STATUS, 2
;__Lib_MathDouble.c,1545 :: 		
0x0163	0x299B      	GOTO       IRES016U
;__Lib_MathDouble.c,1547 :: 		
0x0164	0x17F2      	BSF        R2, 7
;__Lib_MathDouble.c,1549 :: 		
0x0165	0x308E      	MOVLW      142
;__Lib_MathDouble.c,1550 :: 		
0x0166	0x02F3      	SUBWF      R3, 1
;__Lib_MathDouble.c,1551 :: 		
0x0167	0x1BF3      	BTFSC      R3, 7
;__Lib_MathDouble.c,1552 :: 		
0x0168	0x296C      	GOTO       SETEXP16U
;__Lib_MathDouble.c,1553 :: 		
0x0169	0x1903      	BTFSC      STATUS, 2
;__Lib_MathDouble.c,1554 :: 		
0x016A	0x296C      	GOTO       SETEXP16U
;__Lib_MathDouble.c,1555 :: 		
0x016B	0x299E      	GOTO       SETIOV16U
;__Lib_MathDouble.c,1556 :: 		
SETEXP16U:
;__Lib_MathDouble.c,1557 :: 		
0x016C	0x09F3      	COMF       R3, 1
;__Lib_MathDouble.c,1558 :: 		
0x016D	0x0AF3      	INCF       R3, 1
;__Lib_MathDouble.c,1560 :: 		
0x016E	0x3008      	MOVLW      8
;__Lib_MathDouble.c,1561 :: 		
0x016F	0x0273      	SUBWF      R3, 0
;__Lib_MathDouble.c,1562 :: 		
0x0170	0x1C03      	BTFSS      STATUS, 0
;__Lib_MathDouble.c,1563 :: 		
0x0171	0x2981      	GOTO       TSHIFT3216U
;__Lib_MathDouble.c,1564 :: 		
0x0172	0x00F3      	MOVWF      R3
;__Lib_MathDouble.c,1565 :: 		
0x0173	0x0DF1      	RLF        R1, 1
;__Lib_MathDouble.c,1566 :: 		
0x0174	0x0872      	MOVF       R2, 0
;__Lib_MathDouble.c,1567 :: 		
0x0175	0x00F1      	MOVWF      R1
;__Lib_MathDouble.c,1568 :: 		
0x0176	0x01F2      	CLRF       R2
;__Lib_MathDouble.c,1570 :: 		
0x0177	0x3008      	MOVLW      8
;__Lib_MathDouble.c,1571 :: 		
0x0178	0x0273      	SUBWF      R3, 0
;__Lib_MathDouble.c,1572 :: 		
0x0179	0x1C03      	BTFSS      STATUS, 0
;__Lib_MathDouble.c,1573 :: 		
0x017A	0x2981      	GOTO       TSHIFT3216U
;__Lib_MathDouble.c,1574 :: 		
0x017B	0x0DF1      	RLF        R1, 1
;__Lib_MathDouble.c,1575 :: 		
0x017C	0x01F1      	CLRF       R1
;__Lib_MathDouble.c,1577 :: 		
0x017D	0x0873      	MOVF       R3, 0
;__Lib_MathDouble.c,1578 :: 		
0x017E	0x1D03      	BTFSS      STATUS, 2
;__Lib_MathDouble.c,1579 :: 		
0x017F	0x1003      	BCF        STATUS, 0
;__Lib_MathDouble.c,1580 :: 		
0x0180	0x2989      	GOTO       SHIFT3216UOK
;__Lib_MathDouble.c,1581 :: 		
TSHIFT3216U:
;__Lib_MathDouble.c,1582 :: 		
0x0181	0x0873      	MOVF       R3, 0
;__Lib_MathDouble.c,1583 :: 		
0x0182	0x1903      	BTFSC      STATUS, 2
;__Lib_MathDouble.c,1584 :: 		
0x0183	0x2989      	GOTO       SHIFT3216UOK
;__Lib_MathDouble.c,1585 :: 		
SHIFT3216U:
;__Lib_MathDouble.c,1586 :: 		
0x0184	0x1003      	BCF        STATUS, 0
;__Lib_MathDouble.c,1587 :: 		
0x0185	0x0CF2      	RRF        R2, 1
;__Lib_MathDouble.c,1588 :: 		
0x0186	0x0CF1      	RRF        R1, 1
;__Lib_MathDouble.c,1589 :: 		
0x0187	0x0BF3      	DECFSZ     R3, 1
;__Lib_MathDouble.c,1590 :: 		
0x0188	0x2984      	GOTO       SHIFT3216U
;__Lib_MathDouble.c,1591 :: 		
SHIFT3216UOK:
;__Lib_MathDouble.c,1592 :: 		
0x0189	0x1B7B      	BTFSC      R11, 6
;__Lib_MathDouble.c,1593 :: 		
0x018A	0x1C71      	BTFSS      R1, 0
;__Lib_MathDouble.c,1594 :: 		
0x018B	0x2993      	GOTO       INT3216UOK
;__Lib_MathDouble.c,1595 :: 		
0x018C	0x1C03      	BTFSS      STATUS, 0
;__Lib_MathDouble.c,1596 :: 		
0x018D	0x2993      	GOTO       INT3216UOK
;__Lib_MathDouble.c,1597 :: 		
0x018E	0x0AF1      	INCF       R1, 1
;__Lib_MathDouble.c,1598 :: 		
0x018F	0x1903      	BTFSC      STATUS, 2
;__Lib_MathDouble.c,1599 :: 		
0x0190	0x0AF2      	INCF       R2, 1
;__Lib_MathDouble.c,1600 :: 		
0x0191	0x1BF2      	BTFSC      R2, 7
;__Lib_MathDouble.c,1601 :: 		
0x0192	0x29AA      	GOTO       JPKSETIOV3224
;__Lib_MathDouble.c,1602 :: 		
INT3216UOK:
;__Lib_MathDouble.c,1603 :: 		
0x0193	0x1FFA      	BTFSS      R10, 7
;__Lib_MathDouble.c,1604 :: 		
0x0194	0x29AD      	GOTO       INT3216UEOK
;__Lib_MathDouble.c,1606 :: 		
0x0195	0x09F2      	COMF       R2, 1
;__Lib_MathDouble.c,1607 :: 		
0x0196	0x09F1      	COMF       R1, 1
;__Lib_MathDouble.c,1608 :: 		
0x0197	0x0AF1      	INCF       R1, 1
;__Lib_MathDouble.c,1609 :: 		
0x0198	0x1903      	BTFSC      STATUS, 2
;__Lib_MathDouble.c,1610 :: 		
0x0199	0x0AF2      	INCF       R2, 1
;__Lib_MathDouble.c,1611 :: 		
0x019A	0x29AD      	GOTO       INT3216UEOK
;__Lib_MathDouble.c,1613 :: 		
IRES016U:
;__Lib_MathDouble.c,1614 :: 		
0x019B	0x01F2      	CLRF       R2
;__Lib_MathDouble.c,1615 :: 		
0x019C	0x01F1      	CLRF       R1
;__Lib_MathDouble.c,1616 :: 		
0x019D	0x29AD      	GOTO       INT3216UEOK
;__Lib_MathDouble.c,1617 :: 		
SETIOV16U:
;__Lib_MathDouble.c,1618 :: 		
0x019E	0x147B      	BSF        R11, 0
;__Lib_MathDouble.c,1619 :: 		
0x019F	0x1FFB      	BTFSS      R11, 7
;__Lib_MathDouble.c,1620 :: 		
0x01A0	0x29B0      	GOTO       INT3216UEER
;__Lib_MathDouble.c,1622 :: 		
0x01A1	0x01F2      	CLRF       R2
;__Lib_MathDouble.c,1623 :: 		
0x01A2	0x1FFA      	BTFSS      R10, 7
;__Lib_MathDouble.c,1624 :: 		
0x01A3	0x29B0      	GOTO       INT3216UEER
;__Lib_MathDouble.c,1625 :: 		
0x01A4	0x30FF      	MOVLW      255
;__Lib_MathDouble.c,1626 :: 		
0x01A5	0x00F2      	MOVWF      R2
;__Lib_MathDouble.c,1627 :: 		
0x01A6	0x00F1      	MOVWF      R1
;__Lib_MathDouble.c,1628 :: 		
0x01A7	0x0DFA      	RLF        R10, 1
;__Lib_MathDouble.c,1629 :: 		
0x01A8	0x0CF2      	RRF        R2, 1
;__Lib_MathDouble.c,1630 :: 		
0x01A9	0x29B0      	GOTO       INT3216UEER
;__Lib_MathDouble.c,1632 :: 		
JPKSETIOV3224:
;__Lib_MathDouble.c,1633 :: 		
0x01AA	0x3001      	MOVLW      1
;__Lib_MathDouble.c,1634 :: 		
0x01AB	0x00FC      	MOVWF      R12
;__Lib_MathDouble.c,1635 :: 		
0x01AC	0x29B2      	GOTO       INT3216UEEE
;__Lib_MathDouble.c,1636 :: 		
INT3216UEOK:
;__Lib_MathDouble.c,1637 :: 		
0x01AD	0x3000      	MOVLW      0
;__Lib_MathDouble.c,1638 :: 		
0x01AE	0x00FC      	MOVWF      R12
;__Lib_MathDouble.c,1639 :: 		
0x01AF	0x29B2      	GOTO       INT3216UEEE
;__Lib_MathDouble.c,1640 :: 		
INT3216UEER:
;__Lib_MathDouble.c,1641 :: 		
0x01B0	0x30FF      	MOVLW      255
;__Lib_MathDouble.c,1642 :: 		
0x01B1	0x00FC      	MOVWF      R12
;__Lib_MathDouble.c,1643 :: 		
INT3216UEEE:
;__Lib_MathDouble.c,1646 :: 		
0x01B2	0x08FC      	MOVF       R12, 1
;__Lib_MathDouble.c,1648 :: 		
0x01B3	0x1903      	BTFSC      STATUS, 2
;__Lib_MathDouble.c,1649 :: 		
0x01B4	0x29B6      	GOTO       L_Double2Word_0
;__Lib_MathDouble.c,1651 :: 		
0x01B5	0x211F      	CALL       _SETIOV3224
;__Lib_MathDouble.c,1653 :: 		
L_Double2Word_0:
;__Lib_MathDouble.c,1654 :: 		
0x01B6	0x0871      	MOVF       R1, 0
;__Lib_MathDouble.c,1655 :: 		
0x01B7	0x00F0      	MOVWF      R0
;__Lib_MathDouble.c,1656 :: 		
0x01B8	0x0872      	MOVF       R2, 0
;__Lib_MathDouble.c,1657 :: 		
0x01B9	0x00F1      	MOVWF      R1
;__Lib_MathDouble.c,1660 :: 		
L_end_double2word:
0x01BA	0x0008      	RETURN
; end of _double2word
_Mul_32x32_FP:
;__Lib_MathDouble.c,610 :: 		
;__Lib_MathDouble.c,622 :: 		
;__Lib_MathDouble.c,624 :: 		
0x01BB	0x1283      	BCF        STATUS, 5
;__Lib_MathDouble.c,625 :: 		
0x01BC	0x1303      	BCF        STATUS, 6
;__Lib_MathDouble.c,627 :: 		
0x01BD	0x01FB      	CLRF       R11
;__Lib_MathDouble.c,628 :: 		
0x01BE	0x0873      	MOVF       R3, 0
;__Lib_MathDouble.c,629 :: 		
0x01BF	0x1D03      	BTFSS      STATUS, 2
;__Lib_MathDouble.c,630 :: 		
0x01C0	0x0877      	MOVF       R7, 0
;__Lib_MathDouble.c,631 :: 		
0x01C1	0x1903      	BTFSC      STATUS, 2
;__Lib_MathDouble.c,632 :: 		
0x01C2	0x2A12      	GOTO       JPMRES032
;__Lib_MathDouble.c,634 :: 		
0x01C3	0x0872      	MOVF       R2, 0
;__Lib_MathDouble.c,635 :: 		
0x01C4	0x0676      	XORWF      R6, 0
;__Lib_MathDouble.c,636 :: 		
0x01C5	0x00FA      	MOVWF      R10
;__Lib_MathDouble.c,637 :: 		
0x01C6	0x0877      	MOVF       R7, 0
;__Lib_MathDouble.c,638 :: 		
0x01C7	0x07F3      	ADDWF      R3, 1
;__Lib_MathDouble.c,639 :: 		
0x01C8	0x307E      	MOVLW      126
;__Lib_MathDouble.c,640 :: 		
0x01C9	0x1C03      	BTFSS      STATUS, 0
;__Lib_MathDouble.c,641 :: 		
0x01CA	0x29CF      	GOTO       MTUN32
;__Lib_MathDouble.c,642 :: 		
0x01CB	0x02F3      	SUBWF      R3, 1
;__Lib_MathDouble.c,643 :: 		
0x01CC	0x1803      	BTFSC      STATUS, 0
;__Lib_MathDouble.c,644 :: 		
0x01CD	0x2A15      	GOTO       JPMSETFOV32
;__Lib_MathDouble.c,645 :: 		
0x01CE	0x29D2      	GOTO       MOK32
;__Lib_MathDouble.c,646 :: 		
MTUN32:
;__Lib_MathDouble.c,647 :: 		
0x01CF	0x02F3      	SUBWF      R3, 1
;__Lib_MathDouble.c,648 :: 		
0x01D0	0x1C03      	BTFSS      STATUS, 0
;__Lib_MathDouble.c,649 :: 		
0x01D1	0x2A18      	GOTO       JPMSETFUN32
;__Lib_MathDouble.c,650 :: 		
MOK32:
;__Lib_MathDouble.c,651 :: 		
0x01D2	0x0872      	MOVF       R2, 0
;__Lib_MathDouble.c,652 :: 		
0x01D3	0x00F8      	MOVWF      R8
;__Lib_MathDouble.c,653 :: 		
0x01D4	0x0871      	MOVF       R1, 0
;__Lib_MathDouble.c,654 :: 		
0x01D5	0x00FC      	MOVWF      R12
;__Lib_MathDouble.c,655 :: 		
0x01D6	0x0870      	MOVF       R0, 0
;__Lib_MathDouble.c,656 :: 		
0x01D7	0x00FD      	MOVWF      R13
;__Lib_MathDouble.c,657 :: 		
0x01D8	0x17F8      	BSF        R8, 7
;__Lib_MathDouble.c,658 :: 		
0x01D9	0x17F6      	BSF        R6, 7
;__Lib_MathDouble.c,659 :: 		
0x01DA	0x1003      	BCF        STATUS, 0
;__Lib_MathDouble.c,660 :: 		
0x01DB	0x01F2      	CLRF       R2
;__Lib_MathDouble.c,661 :: 		
0x01DC	0x01F1      	CLRF       R1
;__Lib_MathDouble.c,662 :: 		
0x01DD	0x01F0      	CLRF       R0
;__Lib_MathDouble.c,663 :: 		
0x01DE	0x3018      	MOVLW      24
;__Lib_MathDouble.c,664 :: 		
0x01DF	0x00A0      	MOVWF      __math_tempbD
;__Lib_MathDouble.c,665 :: 		
MLOOP32:
;__Lib_MathDouble.c,666 :: 		
0x01E0	0x1C7D      	BTFSS      R13, 0
;__Lib_MathDouble.c,667 :: 		
0x01E1	0x29EC      	GOTO       MNOADD32
;__Lib_MathDouble.c,669 :: 		
0x01E2	0x0874      	MOVF       R4, 0
;__Lib_MathDouble.c,670 :: 		
0x01E3	0x07F0      	ADDWF      R0, 1
;__Lib_MathDouble.c,671 :: 		
0x01E4	0x0875      	MOVF       R5, 0
;__Lib_MathDouble.c,672 :: 		
0x01E5	0x1803      	BTFSC      STATUS, 0
;__Lib_MathDouble.c,673 :: 		
0x01E6	0x0F75      	INCFSZ     R5, 0
;__Lib_MathDouble.c,674 :: 		
0x01E7	0x07F1      	ADDWF      R1, 1
;__Lib_MathDouble.c,675 :: 		
0x01E8	0x0876      	MOVF       R6, 0
;__Lib_MathDouble.c,676 :: 		
0x01E9	0x1803      	BTFSC      STATUS, 0
;__Lib_MathDouble.c,677 :: 		
0x01EA	0x0F76      	INCFSZ     R6, 0
;__Lib_MathDouble.c,678 :: 		
0x01EB	0x07F2      	ADDWF      R2, 1
;__Lib_MathDouble.c,679 :: 		
MNOADD32:
;__Lib_MathDouble.c,680 :: 		
0x01EC	0x0CF2      	RRF        R2, 1
;__Lib_MathDouble.c,681 :: 		
0x01ED	0x0CF1      	RRF        R1, 1
;__Lib_MathDouble.c,682 :: 		
0x01EE	0x0CF0      	RRF        R0, 1
;__Lib_MathDouble.c,683 :: 		
0x01EF	0x0CF8      	RRF        R8, 1
;__Lib_MathDouble.c,684 :: 		
0x01F0	0x0CFC      	RRF        R12, 1
;__Lib_MathDouble.c,685 :: 		
0x01F1	0x0CFD      	RRF        R13, 1
;__Lib_MathDouble.c,686 :: 		
0x01F2	0x1003      	BCF        STATUS, 0
;__Lib_MathDouble.c,687 :: 		
0x01F3	0x0BA0      	DECFSZ     __math_tempbD, 1
;__Lib_MathDouble.c,688 :: 		
0x01F4	0x29E0      	GOTO       MLOOP32
;__Lib_MathDouble.c,689 :: 		
0x01F5	0x1BF2      	BTFSC      R2, 7
;__Lib_MathDouble.c,690 :: 		
0x01F6	0x29FC      	GOTO       MROUND32
;__Lib_MathDouble.c,691 :: 		
0x01F7	0x0DF8      	RLF        R8, 1
;__Lib_MathDouble.c,692 :: 		
0x01F8	0x0DF0      	RLF        R0, 1
;__Lib_MathDouble.c,693 :: 		
0x01F9	0x0DF1      	RLF        R1, 1
;__Lib_MathDouble.c,694 :: 		
0x01FA	0x0DF2      	RLF        R2, 1
;__Lib_MathDouble.c,695 :: 		
0x01FB	0x03F3      	DECF       R3, 1
;__Lib_MathDouble.c,696 :: 		
MROUND32:
;__Lib_MathDouble.c,697 :: 		
0x01FC	0x1B7B      	BTFSC      R11, 6
;__Lib_MathDouble.c,698 :: 		
0x01FD	0x1C70      	BTFSS      R0, 0
;__Lib_MathDouble.c,699 :: 		
0x01FE	0x2A0E      	GOTO       MUL32OK
;__Lib_MathDouble.c,700 :: 		
0x01FF	0x1FF8      	BTFSS      R8, 7
;__Lib_MathDouble.c,701 :: 		
0x0200	0x2A0E      	GOTO       MUL32OK
;__Lib_MathDouble.c,702 :: 		
0x0201	0x0AF0      	INCF       R0, 1
;__Lib_MathDouble.c,703 :: 		
0x0202	0x1903      	BTFSC      STATUS, 2
;__Lib_MathDouble.c,704 :: 		
0x0203	0x0AF1      	INCF       R1, 1
;__Lib_MathDouble.c,705 :: 		
0x0204	0x1903      	BTFSC      STATUS, 2
;__Lib_MathDouble.c,706 :: 		
0x0205	0x0AF2      	INCF       R2, 1
;__Lib_MathDouble.c,707 :: 		
0x0206	0x1D03      	BTFSS      STATUS, 2
;__Lib_MathDouble.c,708 :: 		
0x0207	0x2A0E      	GOTO       MUL32OK
;__Lib_MathDouble.c,709 :: 		
0x0208	0x0CF2      	RRF        R2, 1
;__Lib_MathDouble.c,710 :: 		
0x0209	0x0CF1      	RRF        R1, 1
;__Lib_MathDouble.c,711 :: 		
0x020A	0x0CF0      	RRF        R0, 1
;__Lib_MathDouble.c,712 :: 		
0x020B	0x0AF3      	INCF       R3, 1
;__Lib_MathDouble.c,713 :: 		
0x020C	0x1903      	BTFSC      STATUS, 2
;__Lib_MathDouble.c,714 :: 		
0x020D	0x2A15      	GOTO       JPMSETFOV32
;__Lib_MathDouble.c,715 :: 		
MUL32OK:
;__Lib_MathDouble.c,716 :: 		
0x020E	0x1FFA      	BTFSS      R10, 7
;__Lib_MathDouble.c,717 :: 		
0x020F	0x13F2      	BCF        R2, 7
;__Lib_MathDouble.c,718 :: 		
0x0210	0x3000      	MOVLW      0
;__Lib_MathDouble.c,720 :: 		
0x0211	0x2A1A      	GOTO       MUL32EEE
;__Lib_MathDouble.c,721 :: 		
JPMRES032:
;__Lib_MathDouble.c,722 :: 		
0x0212	0x3001      	MOVLW      1
;__Lib_MathDouble.c,725 :: 		
0x0213	0x20D2      	CALL       _RES032
;__Lib_MathDouble.c,727 :: 		
0x0214	0x2A1A      	GOTO       MUL32EEE
;__Lib_MathDouble.c,728 :: 		
JPMSETFOV32:
;__Lib_MathDouble.c,729 :: 		
0x0215	0x3002      	MOVLW      2
;__Lib_MathDouble.c,732 :: 		
0x0216	0x2133      	CALL       _SETFOV32
;__Lib_MathDouble.c,734 :: 		
0x0217	0x2A1A      	GOTO       MUL32EEE
;__Lib_MathDouble.c,735 :: 		
JPMSETFUN32:
;__Lib_MathDouble.c,736 :: 		
0x0218	0x3004      	MOVLW      4
;__Lib_MathDouble.c,739 :: 		
0x0219	0x20D9      	CALL       _SETFUN32
;__Lib_MathDouble.c,741 :: 		
MUL32EEE:
;__Lib_MathDouble.c,742 :: 		
0x021A	0x0000      	NOP
;__Lib_MathDouble.c,749 :: 		
L_end_Mul_32x32_FP:
0x021B	0x0008      	RETURN
; end of _Mul_32x32_FP
_tx:
;IntegrationV2.c,286 :: 		void tx( char a)
;IntegrationV2.c,288 :: 		TXREG=a;
0x021C	0x1283      	BCF        STATUS, 5
0x021D	0x1303      	BCF        STATUS, 6
0x021E	0x0860      	MOVF       FARG_tx_a, 0
0x021F	0x0099      	MOVWF      TXREG
;IntegrationV2.c,289 :: 		while(!PIR1.TXIF);
L_tx31:
0x0220	0x1A0C      	BTFSC      PIR1, 4
0x0221	0x2A23      	GOTO       L_tx32
0x0222	0x2A20      	GOTO       L_tx31
L_tx32:
;IntegrationV2.c,290 :: 		PIR1.TXIF = 0;
0x0223	0x120C      	BCF        PIR1, 4
;IntegrationV2.c,291 :: 		}
L_end_tx:
0x0224	0x0008      	RETURN
; end of _tx
_LCD_second_row:
;IntegrationV2.c,147 :: 		void LCD_second_row(  )
;IntegrationV2.c,149 :: 		LCD_sendcmd( 0xc0 );
0x0225	0x30C0      	MOVLW      192
0x0226	0x1283      	BCF        STATUS, 5
0x0227	0x1303      	BCF        STATUS, 6
0x0228	0x00E1      	MOVWF      FARG_LCD_sendcmd_a
0x0229	0x212C      	CALL       _LCD_sendcmd
;IntegrationV2.c,150 :: 		}
L_end_LCD_second_row:
0x022A	0x0008      	RETURN
; end of _LCD_second_row
_LCD_send_string:
;IntegrationV2.c,140 :: 		void LCD_send_string( char *str_ptr )
;IntegrationV2.c,142 :: 		while (*str_ptr) {
L_LCD_send_string10:
0x022B	0x1283      	BCF        STATUS, 5
0x022C	0x1303      	BCF        STATUS, 6
0x022D	0x0860      	MOVF       FARG_LCD_send_string_str_ptr, 0
0x022E	0x0084      	MOVWF      FSR
0x022F	0x0800      	MOVF       INDF, 0
0x0230	0x1903      	BTFSC      STATUS, 2
0x0231	0x2A39      	GOTO       L_LCD_send_string11
;IntegrationV2.c,143 :: 		LCD_sendchar(*str_ptr);
0x0232	0x0860      	MOVF       FARG_LCD_send_string_str_ptr, 0
0x0233	0x0084      	MOVWF      FSR
0x0234	0x0800      	MOVF       INDF, 0
0x0235	0x00E1      	MOVWF      FARG_LCD_sendchar_a
0x0236	0x2118      	CALL       _LCD_sendchar
;IntegrationV2.c,144 :: 		str_ptr++;
0x0237	0x0AE0      	INCF       FARG_LCD_send_string_str_ptr, 1
;IntegrationV2.c,145 :: 		}
0x0238	0x2A2B      	GOTO       L_LCD_send_string10
L_LCD_send_string11:
;IntegrationV2.c,146 :: 		}
L_end_LCD_send_string:
0x0239	0x0008      	RETURN
; end of _LCD_send_string
_Div_16x16_S_L:
;__Lib_Math.c,421 :: 		
;__Lib_Math.c,427 :: 		
0x023A	0x0D71      	RLF        R1, 0
;__Lib_Math.c,428 :: 		
0x023B	0x0DF8      	RLF        R8, 1
;__Lib_Math.c,429 :: 		
0x023C	0x0DF9      	RLF        R9, 1
;__Lib_Math.c,430 :: 		
0x023D	0x0874      	MOVF       R4, 0
;__Lib_Math.c,431 :: 		
0x023E	0x02F8      	SUBWF      R8, 1
;__Lib_Math.c,432 :: 		
0x023F	0x0875      	MOVF       R5, 0
;__Lib_Math.c,433 :: 		
0x0240	0x1C03      	BTFSS      STATUS, 0
;__Lib_Math.c,434 :: 		
0x0241	0x0F75      	INCFSZ     R5, 0
;__Lib_Math.c,435 :: 		
0x0242	0x02F9      	SUBWF      R9, 1
;__Lib_Math.c,436 :: 		
0x0243	0x0DF0      	RLF        R0, 1
;__Lib_Math.c,437 :: 		
0x0244	0x0DF1      	RLF        R1, 1
;__Lib_Math.c,439 :: 		
0x0245	0x300F      	MOVLW      15
;__Lib_Math.c,440 :: 		
0x0246	0x00FC      	MOVWF      R12
;__Lib_Math.c,442 :: 		
0x0247	0x0D71      	RLF        R1, 0
;__Lib_Math.c,443 :: 		
0x0248	0x0DF8      	RLF        R8, 1
;__Lib_Math.c,444 :: 		
0x0249	0x0DF9      	RLF        R9, 1
;__Lib_Math.c,445 :: 		
0x024A	0x0874      	MOVF       R4, 0
;__Lib_Math.c,447 :: 		
0x024B	0x1C70      	BTFSS      R0, 0
;__Lib_Math.c,448 :: 		
0x024C	0x2A53      	GOTO       $+7
;__Lib_Math.c,449 :: 		
0x024D	0x02F8      	SUBWF      R8, 1
;__Lib_Math.c,450 :: 		
0x024E	0x0875      	MOVF       R5, 0
;__Lib_Math.c,451 :: 		
0x024F	0x1C03      	BTFSS      STATUS, 0
;__Lib_Math.c,452 :: 		
0x0250	0x0F75      	INCFSZ     R5, 0
;__Lib_Math.c,453 :: 		
0x0251	0x02F9      	SUBWF      R9, 1
;__Lib_Math.c,454 :: 		
0x0252	0x2A58      	GOTO       $+6
;__Lib_Math.c,456 :: 		
0x0253	0x07F8      	ADDWF      R8, 1
;__Lib_Math.c,457 :: 		
0x0254	0x0875      	MOVF       R5, 0
;__Lib_Math.c,458 :: 		
0x0255	0x1803      	BTFSC      STATUS, 0
;__Lib_Math.c,459 :: 		
0x0256	0x0F75      	INCFSZ     R5, 0
;__Lib_Math.c,460 :: 		
0x0257	0x07F9      	ADDWF      R9, 1
;__Lib_Math.c,462 :: 		
0x0258	0x0DF0      	RLF        R0, 1
;__Lib_Math.c,463 :: 		
0x0259	0x0DF1      	RLF        R1, 1
;__Lib_Math.c,465 :: 		
0x025A	0x0BFC      	DECFSZ     R12, 1
;__Lib_Math.c,466 :: 		
0x025B	0x2A47      	GOTO       $-20
;__Lib_Math.c,468 :: 		
0x025C	0x1870      	BTFSC      R0, 0
;__Lib_Math.c,469 :: 		
0x025D	0x2A64      	GOTO       $+7
;__Lib_Math.c,470 :: 		
0x025E	0x0874      	MOVF       R4, 0
;__Lib_Math.c,471 :: 		
0x025F	0x07F8      	ADDWF      R8, 1
;__Lib_Math.c,472 :: 		
0x0260	0x0875      	MOVF       R5, 0
;__Lib_Math.c,473 :: 		
0x0261	0x1803      	BTFSC      STATUS, 0
;__Lib_Math.c,474 :: 		
0x0262	0x0F75      	INCFSZ     R5, 0
;__Lib_Math.c,475 :: 		
0x0263	0x07F9      	ADDWF      R9, 1
;__Lib_Math.c,476 :: 		
0x0264	0x0000      	NOP
;__Lib_Math.c,478 :: 		
L_end_Div_16x16_S_L:
0x0265	0x0008      	RETURN
; end of _Div_16x16_S_L
_LCD_Home:
;IntegrationV2.c,153 :: 		void LCD_Home(  )
;IntegrationV2.c,156 :: 		LCD_sendcmd( LCD_CLRSCR );
0x0266	0x3001      	MOVLW      1
0x0267	0x1283      	BCF        STATUS, 5
0x0268	0x1303      	BCF        STATUS, 6
0x0269	0x00E1      	MOVWF      FARG_LCD_sendcmd_a
0x026A	0x212C      	CALL       _LCD_sendcmd
;IntegrationV2.c,157 :: 		Delay_ms(10);
0x026B	0x300D      	MOVLW      13
0x026C	0x00FC      	MOVWF      R12
0x026D	0x30FB      	MOVLW      251
0x026E	0x00FD      	MOVWF      R13
L_LCD_Home12:
0x026F	0x0BFD      	DECFSZ     R13, 1
0x0270	0x2A6F      	GOTO       L_LCD_Home12
0x0271	0x0BFC      	DECFSZ     R12, 1
0x0272	0x2A6F      	GOTO       L_LCD_Home12
0x0273	0x0000      	NOP
0x0274	0x0000      	NOP
;IntegrationV2.c,158 :: 		LCD_sendcmd( LCD_HOME );
0x0275	0x3002      	MOVLW      2
0x0276	0x00E1      	MOVWF      FARG_LCD_sendcmd_a
0x0277	0x212C      	CALL       _LCD_sendcmd
;IntegrationV2.c,159 :: 		}
L_end_LCD_Home:
0x0278	0x0008      	RETURN
; end of _LCD_Home
_Div_16X16_U:
;__Lib_Math.c,215 :: 		
;__Lib_Math.c,222 :: 		
0x0279	0x1283      	BCF        STATUS, 5
;__Lib_Math.c,223 :: 		
0x027A	0x1303      	BCF        STATUS, 6
;__Lib_Math.c,224 :: 		
0x027B	0x01F8      	CLRF       R8
;__Lib_Math.c,225 :: 		
0x027C	0x01F9      	CLRF       R9
;__Lib_Math.c,226 :: 		
0x027D	0x3010      	MOVLW      16
;__Lib_Math.c,227 :: 		
0x027E	0x00FC      	MOVWF      R12
;__Lib_Math.c,228 :: 		
0x027F	0x0D71      	RLF        R1, 0
;__Lib_Math.c,229 :: 		
0x0280	0x0DF8      	RLF        R8, 1
;__Lib_Math.c,230 :: 		
0x0281	0x0DF9      	RLF        R9, 1
;__Lib_Math.c,231 :: 		
0x0282	0x0874      	MOVF       R4, 0
;__Lib_Math.c,232 :: 		
0x0283	0x02F8      	SUBWF      R8, 1
;__Lib_Math.c,233 :: 		
0x0284	0x0875      	MOVF       R5, 0
;__Lib_Math.c,234 :: 		
0x0285	0x1C03      	BTFSS      STATUS, 0
;__Lib_Math.c,235 :: 		
0x0286	0x0F75      	INCFSZ     R5, 0
;__Lib_Math.c,236 :: 		
0x0287	0x02F9      	SUBWF      R9, 1
;__Lib_Math.c,237 :: 		
0x0288	0x1803      	BTFSC      STATUS, 0
;__Lib_Math.c,238 :: 		
0x0289	0x2A91      	GOTO       $+8
;__Lib_Math.c,239 :: 		
0x028A	0x0874      	MOVF       R4, 0
;__Lib_Math.c,240 :: 		
0x028B	0x07F8      	ADDWF      R8, 1
;__Lib_Math.c,241 :: 		
0x028C	0x0875      	MOVF       R5, 0
;__Lib_Math.c,242 :: 		
0x028D	0x1803      	BTFSC      STATUS, 0
;__Lib_Math.c,243 :: 		
0x028E	0x0F75      	INCFSZ     R5, 0
;__Lib_Math.c,244 :: 		
0x028F	0x07F9      	ADDWF      R9, 1
;__Lib_Math.c,245 :: 		
0x0290	0x1003      	BCF        STATUS, 0
;__Lib_Math.c,246 :: 		
0x0291	0x0DF0      	RLF        R0, 1
;__Lib_Math.c,247 :: 		
0x0292	0x0DF1      	RLF        R1, 1
;__Lib_Math.c,248 :: 		
0x0293	0x0BFC      	DECFSZ     R12, 1
;__Lib_Math.c,249 :: 		
0x0294	0x2A7F      	GOTO       $-21
;__Lib_Math.c,251 :: 		
L_end_Div_16X16_U:
0x0295	0x0008      	RETURN
; end of _Div_16X16_U
_Change_Display:
;IntegrationV2.c,353 :: 		void Change_Display()
;IntegrationV2.c,378 :: 		if (buttonCounter==0)
0x0296	0x3000      	MOVLW      0
0x0297	0x1283      	BCF        STATUS, 5
0x0298	0x1303      	BCF        STATUS, 6
0x0299	0x0627      	XORWF      _buttonCounter+1, 0
0x029A	0x1D03      	BTFSS      STATUS, 2
0x029B	0x2A9E      	GOTO       L__Change_Display86
0x029C	0x3000      	MOVLW      0
0x029D	0x0626      	XORWF      _buttonCounter, 0
L__Change_Display86:
0x029E	0x1D03      	BTFSS      STATUS, 2
0x029F	0x2AB3      	GOTO       L_Change_Display36
;IntegrationV2.c,380 :: 		lCD_Home();
0x02A0	0x2266      	CALL       _LCD_Home
;IntegrationV2.c,381 :: 		delay_ms(10);
0x02A1	0x300D      	MOVLW      13
0x02A2	0x00FC      	MOVWF      R12
0x02A3	0x30FB      	MOVLW      251
0x02A4	0x00FD      	MOVWF      R13
L_Change_Display37:
0x02A5	0x0BFD      	DECFSZ     R13, 1
0x02A6	0x2AA5      	GOTO       L_Change_Display37
0x02A7	0x0BFC      	DECFSZ     R12, 1
0x02A8	0x2AA5      	GOTO       L_Change_Display37
0x02A9	0x0000      	NOP
0x02AA	0x0000      	NOP
;IntegrationV2.c,382 :: 		LCD_send_string(temperature_String);// Write Temperature in first row
0x02AB	0x3037      	MOVLW      _temperature_String
0x02AC	0x00E0      	MOVWF      FARG_LCD_send_string_str_ptr
0x02AD	0x222B      	CALL       _LCD_send_string
;IntegrationV2.c,383 :: 		LCD_second_row();
0x02AE	0x2225      	CALL       _LCD_second_row
;IntegrationV2.c,384 :: 		LCD_send_string(heartbeat_String);// Write HeartBeat in second row
0x02AF	0x3028      	MOVLW      _heartbeat_String
0x02B0	0x00E0      	MOVWF      FARG_LCD_send_string_str_ptr
0x02B1	0x222B      	CALL       _LCD_send_string
;IntegrationV2.c,385 :: 		}
0x02B2	0x2AE0      	GOTO       L_Change_Display38
L_Change_Display36:
;IntegrationV2.c,386 :: 		else if(buttonCounter==1)
0x02B3	0x3000      	MOVLW      0
0x02B4	0x0627      	XORWF      _buttonCounter+1, 0
0x02B5	0x1D03      	BTFSS      STATUS, 2
0x02B6	0x2AB9      	GOTO       L__Change_Display87
0x02B7	0x3001      	MOVLW      1
0x02B8	0x0626      	XORWF      _buttonCounter, 0
L__Change_Display87:
0x02B9	0x1D03      	BTFSS      STATUS, 2
0x02BA	0x2ACA      	GOTO       L_Change_Display39
;IntegrationV2.c,389 :: 		lCD_Home();
0x02BB	0x2266      	CALL       _LCD_Home
;IntegrationV2.c,390 :: 		delay_ms(10);
0x02BC	0x300D      	MOVLW      13
0x02BD	0x00FC      	MOVWF      R12
0x02BE	0x30FB      	MOVLW      251
0x02BF	0x00FD      	MOVWF      R13
L_Change_Display40:
0x02C0	0x0BFD      	DECFSZ     R13, 1
0x02C1	0x2AC0      	GOTO       L_Change_Display40
0x02C2	0x0BFC      	DECFSZ     R12, 1
0x02C3	0x2AC0      	GOTO       L_Change_Display40
0x02C4	0x0000      	NOP
0x02C5	0x0000      	NOP
;IntegrationV2.c,391 :: 		LCD_send_string(temperature_String);// Write Temperature in first row
0x02C6	0x3037      	MOVLW      _temperature_String
0x02C7	0x00E0      	MOVWF      FARG_LCD_send_string_str_ptr
0x02C8	0x222B      	CALL       _LCD_send_string
;IntegrationV2.c,392 :: 		}
0x02C9	0x2AE0      	GOTO       L_Change_Display41
L_Change_Display39:
;IntegrationV2.c,393 :: 		else if(buttonCounter==2)
0x02CA	0x3000      	MOVLW      0
0x02CB	0x0627      	XORWF      _buttonCounter+1, 0
0x02CC	0x1D03      	BTFSS      STATUS, 2
0x02CD	0x2AD0      	GOTO       L__Change_Display88
0x02CE	0x3002      	MOVLW      2
0x02CF	0x0626      	XORWF      _buttonCounter, 0
L__Change_Display88:
0x02D0	0x1D03      	BTFSS      STATUS, 2
0x02D1	0x2AE0      	GOTO       L_Change_Display42
;IntegrationV2.c,395 :: 		lCD_Home();
0x02D2	0x2266      	CALL       _LCD_Home
;IntegrationV2.c,396 :: 		delay_ms(10);
0x02D3	0x300D      	MOVLW      13
0x02D4	0x00FC      	MOVWF      R12
0x02D5	0x30FB      	MOVLW      251
0x02D6	0x00FD      	MOVWF      R13
L_Change_Display43:
0x02D7	0x0BFD      	DECFSZ     R13, 1
0x02D8	0x2AD7      	GOTO       L_Change_Display43
0x02D9	0x0BFC      	DECFSZ     R12, 1
0x02DA	0x2AD7      	GOTO       L_Change_Display43
0x02DB	0x0000      	NOP
0x02DC	0x0000      	NOP
;IntegrationV2.c,397 :: 		LCD_send_string(heartbeat_String);// Write HeartBeat in first row
0x02DD	0x3028      	MOVLW      _heartbeat_String
0x02DE	0x00E0      	MOVWF      FARG_LCD_send_string_str_ptr
0x02DF	0x222B      	CALL       _LCD_send_string
;IntegrationV2.c,399 :: 		}
L_Change_Display42:
L_Change_Display41:
L_Change_Display38:
;IntegrationV2.c,400 :: 		}
L_end_Change_Display:
0x02E0	0x0008      	RETURN
; end of _Change_Display
_Div_16x16_S:
;__Lib_Math.c,480 :: 		
;__Lib_Math.c,488 :: 		
0x02E1	0x1283      	BCF        STATUS, 5
0x02E2	0x1303      	BCF        STATUS, 6
0x02E3	0x0874      	MOVF       R4, 0
0x02E4	0x3A00      	XORLW      0
0x02E5	0x1D03      	BTFSS      STATUS, 2
0x02E6	0x2AF0      	GOTO       L_Div_16x16_S0
;__Lib_Math.c,489 :: 		
0x02E7	0x0875      	MOVF       R5, 0
0x02E8	0x3A00      	XORLW      0
0x02E9	0x1D03      	BTFSS      STATUS, 2
0x02EA	0x2AF0      	GOTO       L_Div_16x16_S1
;__Lib_Math.c,490 :: 		
0x02EB	0x30FF      	MOVLW      255
0x02EC	0x00F0      	MOVWF      R0
;__Lib_Math.c,491 :: 		
0x02ED	0x307F      	MOVLW      127
0x02EE	0x00F1      	MOVWF      R1
;__Lib_Math.c,492 :: 		
0x02EF	0x2B49      	GOTO       L_end_Div_16x16_S
;__Lib_Math.c,493 :: 		
L_Div_16x16_S1:
L_Div_16x16_S0:
;__Lib_Math.c,496 :: 		
0x02F0	0x1283      	BCF        STATUS, 5
;__Lib_Math.c,497 :: 		
0x02F1	0x1303      	BCF        STATUS, 6
;__Lib_Math.c,498 :: 		
0x02F2	0x01FD      	CLRF       R13
;__Lib_Math.c,499 :: 		
0x02F3	0x01F9      	CLRF       R9
;__Lib_Math.c,500 :: 		
0x02F4	0x01F8      	CLRF       R8
;__Lib_Math.c,501 :: 		
0x02F5	0x0871      	MOVF       R1, 0
;__Lib_Math.c,502 :: 		
0x02F6	0x0470      	IORWF      R0, 0
;__Lib_Math.c,503 :: 		
0x02F7	0x1903      	BTFSC      STATUS, 2
;__Lib_Math.c,504 :: 		
0x02F8	0x3400      	RETLW      0
;__Lib_Math.c,506 :: 		
0x02F9	0x0871      	MOVF       R1, 0
;__Lib_Math.c,507 :: 		
0x02FA	0x0675      	XORWF      R5, 0
;__Lib_Math.c,508 :: 		
0x02FB	0x00FA      	MOVWF      R10
;__Lib_Math.c,509 :: 		
0x02FC	0x1BFA      	BTFSC      R10, 7
;__Lib_Math.c,510 :: 		
0x02FD	0x09FD      	COMF       R13, 1
;__Lib_Math.c,512 :: 		
0x02FE	0x01FB      	CLRF       R11
;__Lib_Math.c,514 :: 		
0x02FF	0x1FF5      	BTFSS      R5, 7
;__Lib_Math.c,515 :: 		
0x0300	0x2B06      	GOTO       $+6
;__Lib_Math.c,517 :: 		
0x0301	0x09F4      	COMF       R4, 1
;__Lib_Math.c,518 :: 		
0x0302	0x09F5      	COMF       R5, 1
;__Lib_Math.c,519 :: 		
0x0303	0x0AF4      	INCF       R4, 1
;__Lib_Math.c,520 :: 		
0x0304	0x1903      	BTFSC      STATUS, 2
;__Lib_Math.c,521 :: 		
0x0305	0x0AF5      	INCF       R5, 1
;__Lib_Math.c,523 :: 		
0x0306	0x1FF1      	BTFSS      R1, 7
;__Lib_Math.c,524 :: 		
0x0307	0x2B0D      	GOTO       $+6
;__Lib_Math.c,526 :: 		
0x0308	0x09F0      	COMF       R0, 1
;__Lib_Math.c,527 :: 		
0x0309	0x09F1      	COMF       R1, 1
;__Lib_Math.c,528 :: 		
0x030A	0x0AF0      	INCF       R0, 1
;__Lib_Math.c,529 :: 		
0x030B	0x1903      	BTFSC      STATUS, 2
;__Lib_Math.c,530 :: 		
0x030C	0x0AF1      	INCF       R1, 1
;__Lib_Math.c,532 :: 		
0x030D	0x0871      	MOVF       R1, 0
;__Lib_Math.c,533 :: 		
0x030E	0x0475      	IORWF      R5, 0
;__Lib_Math.c,534 :: 		
0x030F	0x00FA      	MOVWF      R10
;__Lib_Math.c,535 :: 		
0x0310	0x1BFA      	BTFSC      R10, 7
;__Lib_Math.c,536 :: 		
0x0311	0x2B22      	GOTO       $+17
;__Lib_Math.c,538 :: 		
0x0312	0x223A      	CALL       _Div_16x16_S_L
;__Lib_Math.c,540 :: 		
0x0313	0x187B      	BTFSC      R11, 0
;__Lib_Math.c,541 :: 		
0x0314	0x2B35      	GOTO       $+33
;__Lib_Math.c,543 :: 		
0x0315	0x1FFD      	BTFSS      R13, 7
;__Lib_Math.c,544 :: 		
0x0316	0x3400      	RETLW      0
;__Lib_Math.c,546 :: 		
0x0317	0x09F0      	COMF       R0, 1
;__Lib_Math.c,547 :: 		
0x0318	0x09F1      	COMF       R1, 1
;__Lib_Math.c,548 :: 		
0x0319	0x0AF0      	INCF       R0, 1
;__Lib_Math.c,549 :: 		
0x031A	0x1903      	BTFSC      STATUS, 2
;__Lib_Math.c,550 :: 		
0x031B	0x0AF1      	INCF       R1, 1
;__Lib_Math.c,552 :: 		
0x031C	0x09F8      	COMF       R8, 1
;__Lib_Math.c,553 :: 		
0x031D	0x09F9      	COMF       R9, 1
;__Lib_Math.c,554 :: 		
0x031E	0x0AF8      	INCF       R8, 1
;__Lib_Math.c,555 :: 		
0x031F	0x1903      	BTFSC      STATUS, 2
;__Lib_Math.c,556 :: 		
0x0320	0x0AF9      	INCF       R9, 1
;__Lib_Math.c,558 :: 		
0x0321	0x3400      	RETLW      0
;__Lib_Math.c,560 :: 		
0x0322	0x1FF5      	BTFSS      R5, 7
;__Lib_Math.c,561 :: 		
0x0323	0x2B31      	GOTO       $+14
;__Lib_Math.c,562 :: 		
0x0324	0x1BF1      	BTFSC      R1, 7
;__Lib_Math.c,563 :: 		
0x0325	0x2B2D      	GOTO       $+8
;__Lib_Math.c,564 :: 		
0x0326	0x0871      	MOVF       R1, 0
;__Lib_Math.c,565 :: 		
0x0327	0x00F9      	MOVWF      R9
;__Lib_Math.c,566 :: 		
0x0328	0x0870      	MOVF       R0, 0
;__Lib_Math.c,567 :: 		
0x0329	0x00F8      	MOVWF      R8
;__Lib_Math.c,568 :: 		
0x032A	0x01F1      	CLRF       R1
;__Lib_Math.c,569 :: 		
0x032B	0x01F0      	CLRF       R0
;__Lib_Math.c,570 :: 		
0x032C	0x2B15      	GOTO       $-23
;__Lib_Math.c,571 :: 		
0x032D	0x01F1      	CLRF       R1
;__Lib_Math.c,572 :: 		
0x032E	0x01F0      	CLRF       R0
;__Lib_Math.c,573 :: 		
0x032F	0x0AF0      	INCF       R0, 1
;__Lib_Math.c,574 :: 		
0x0330	0x3400      	RETLW      0
;__Lib_Math.c,576 :: 		
0x0331	0x09F1      	COMF       R1, 1
;__Lib_Math.c,577 :: 		
0x0332	0x09F0      	COMF       R0, 1
;__Lib_Math.c,578 :: 		
0x0333	0x0AFB      	INCF       R11, 1
;__Lib_Math.c,579 :: 		
0x0334	0x2B12      	GOTO       $-34
;__Lib_Math.c,581 :: 		
0x0335	0x0AF8      	INCF       R8, 1
;__Lib_Math.c,582 :: 		
0x0336	0x1903      	BTFSC      STATUS, 2
;__Lib_Math.c,583 :: 		
0x0337	0x0AF9      	INCF       R9, 1
;__Lib_Math.c,584 :: 		
0x0338	0x0874      	MOVF       R4, 0
;__Lib_Math.c,585 :: 		
0x0339	0x0278      	SUBWF      R8, 0
;__Lib_Math.c,586 :: 		
0x033A	0x1D03      	BTFSS      STATUS, 2
;__Lib_Math.c,587 :: 		
0x033B	0x2B15      	GOTO       $-38
;__Lib_Math.c,588 :: 		
0x033C	0x0875      	MOVF       R5, 0
;__Lib_Math.c,589 :: 		
0x033D	0x0279      	SUBWF      R9, 0
;__Lib_Math.c,590 :: 		
0x033E	0x1D03      	BTFSS      STATUS, 2
;__Lib_Math.c,591 :: 		
0x033F	0x2B15      	GOTO       $-42
;__Lib_Math.c,592 :: 		
0x0340	0x01F9      	CLRF       R9
;__Lib_Math.c,593 :: 		
0x0341	0x01F8      	CLRF       R8
;__Lib_Math.c,594 :: 		
0x0342	0x0AF0      	INCF       R0, 1
;__Lib_Math.c,595 :: 		
0x0343	0x1903      	BTFSC      STATUS, 2
;__Lib_Math.c,596 :: 		
0x0344	0x0AF1      	INCF       R1, 1
;__Lib_Math.c,597 :: 		
0x0345	0x1FF1      	BTFSS      R1, 7
;__Lib_Math.c,598 :: 		
0x0346	0x2B15      	GOTO       $-49
;__Lib_Math.c,599 :: 		
0x0347	0x0000      	NOP
;__Lib_Math.c,600 :: 		
0x0348	0x34FF      	RETLW      255
;__Lib_Math.c,602 :: 		
L_end_Div_16x16_S:
0x0349	0x0008      	RETURN
; end of _Div_16x16_S
_UART_Out_Temperature:
;IntegrationV2.c,447 :: 		void UART_Out_Temperature(){
;IntegrationV2.c,449 :: 		for (i=1;i<15;i++)
0x034A	0x3001      	MOVLW      1
0x034B	0x1283      	BCF        STATUS, 5
0x034C	0x1303      	BCF        STATUS, 6
0x034D	0x00DE      	MOVWF      UART_Out_Temperature_i_L0
0x034E	0x3000      	MOVLW      0
0x034F	0x00DF      	MOVWF      UART_Out_Temperature_i_L0+1
L_UART_Out_Temperature56:
0x0350	0x3080      	MOVLW      128
0x0351	0x065F      	XORWF      UART_Out_Temperature_i_L0+1, 0
0x0352	0x00F0      	MOVWF      R0
0x0353	0x3080      	MOVLW      128
0x0354	0x0270      	SUBWF      R0, 0
0x0355	0x1D03      	BTFSS      STATUS, 2
0x0356	0x2B59      	GOTO       L__UART_Out_Temperature97
0x0357	0x300F      	MOVLW      15
0x0358	0x025E      	SUBWF      UART_Out_Temperature_i_L0, 0
L__UART_Out_Temperature97:
0x0359	0x1803      	BTFSC      STATUS, 0
0x035A	0x2B65      	GOTO       L_UART_Out_Temperature57
;IntegrationV2.c,451 :: 		tx(temperature_string[i]);
0x035B	0x085E      	MOVF       UART_Out_Temperature_i_L0, 0
0x035C	0x3E37      	ADDLW      _temperature_String
0x035D	0x0084      	MOVWF      FSR
0x035E	0x0800      	MOVF       INDF, 0
0x035F	0x00E0      	MOVWF      FARG_tx_a
0x0360	0x221C      	CALL       _tx
;IntegrationV2.c,449 :: 		for (i=1;i<15;i++)
0x0361	0x0ADE      	INCF       UART_Out_Temperature_i_L0, 1
0x0362	0x1903      	BTFSC      STATUS, 2
0x0363	0x0ADF      	INCF       UART_Out_Temperature_i_L0+1, 1
;IntegrationV2.c,452 :: 		}
0x0364	0x2B50      	GOTO       L_UART_Out_Temperature56
L_UART_Out_Temperature57:
;IntegrationV2.c,453 :: 		tx(13);
0x0365	0x300D      	MOVLW      13
0x0366	0x00E0      	MOVWF      FARG_tx_a
0x0367	0x221C      	CALL       _tx
;IntegrationV2.c,454 :: 		}
L_end_UART_Out_Temperature:
0x0368	0x0008      	RETURN
; end of _UART_Out_Temperature
_Read_ADC:
;IntegrationV2.c,305 :: 		void Read_ADC (){
;IntegrationV2.c,306 :: 		ADCON0.GO = 1;       //start conversion
0x0369	0x1283      	BCF        STATUS, 5
0x036A	0x1303      	BCF        STATUS, 6
0x036B	0x149F      	BSF        ADCON0, 1
;IntegrationV2.c,307 :: 		while(ADCON0.GO);
L_Read_ADC33:
0x036C	0x1C9F      	BTFSS      ADCON0, 1
0x036D	0x2B6F      	GOTO       L_Read_ADC34
0x036E	0x2B6C      	GOTO       L_Read_ADC33
L_Read_ADC34:
;IntegrationV2.c,308 :: 		delay_us(100);
0x036F	0x3021      	MOVLW      33
0x0370	0x00FD      	MOVWF      R13
L_Read_ADC35:
0x0371	0x0BFD      	DECFSZ     R13, 1
0x0372	0x2B71      	GOTO       L_Read_ADC35
;IntegrationV2.c,313 :: 		Temp=((ADRESH<<8)+ADRESL)*0.488281;
0x0373	0x081E      	MOVF       ADRESH, 0
0x0374	0x00F1      	MOVWF      R0+1
0x0375	0x01F0      	CLRF       R0
0x0376	0x1683      	BSF        STATUS, 5
0x0377	0x081E      	MOVF       ADRESL, 0
0x0378	0x07F0      	ADDWF      R0, 1
0x0379	0x1803      	BTFSC      STATUS, 0
0x037A	0x0AF1      	INCF       R0+1, 1
0x037B	0x213F      	CALL       _word2double
0x037C	0x30F8      	MOVLW      248
0x037D	0x00F4      	MOVWF      R4
0x037E	0x30FF      	MOVLW      255
0x037F	0x00F5      	MOVWF      R4+1
0x0380	0x3079      	MOVLW      121
0x0381	0x00F6      	MOVWF      R4+2
0x0382	0x307D      	MOVLW      125
0x0383	0x00F7      	MOVWF      R4+3
0x0384	0x21BB      	CALL       _Mul_32x32_FP
0x0385	0x215C      	CALL       _double2word
0x0386	0x0870      	MOVF       R0, 0
0x0387	0x00DA      	MOVWF      _Temp
0x0388	0x0871      	MOVF       R0+1, 0
0x0389	0x00DB      	MOVWF      _Temp+1
;IntegrationV2.c,320 :: 		}
L_end_Read_ADC:
0x038A	0x0008      	RETURN
; end of _Read_ADC
_LCD_init:
;IntegrationV2.c,99 :: 		void LCD_init ( void )
;IntegrationV2.c,101 :: 		LCDpins &= ~RS              ;
0x038B	0x1283      	BCF        STATUS, 5
0x038C	0x1303      	BCF        STATUS, 6
0x038D	0x1157      	BCF        _LCDpins, 2
;IntegrationV2.c,102 :: 		PORTE.B0 = 0;
0x038E	0x1009      	BCF        PORTE, 0
;IntegrationV2.c,104 :: 		Delay_ms(100);
0x038F	0x3082      	MOVLW      130
0x0390	0x00FC      	MOVWF      R12
0x0391	0x30DD      	MOVLW      221
0x0392	0x00FD      	MOVWF      R13
L_LCD_init2:
0x0393	0x0BFD      	DECFSZ     R13, 1
0x0394	0x2B93      	GOTO       L_LCD_init2
0x0395	0x0BFC      	DECFSZ     R12, 1
0x0396	0x2B93      	GOTO       L_LCD_init2
0x0397	0x0000      	NOP
0x0398	0x0000      	NOP
;IntegrationV2.c,106 :: 		LCDpins =  0x30;  // send 0x3
0x0399	0x3030      	MOVLW      48
0x039A	0x00D7      	MOVWF      _LCDpins
;IntegrationV2.c,107 :: 		LCDpins |= E                 ;
0x039B	0x3038      	MOVLW      56
0x039C	0x00D7      	MOVWF      _LCDpins
;IntegrationV2.c,108 :: 		SPI_to_74HC595 ();
0x039D	0x20A8      	CALL       _SPI_to_74HC595
;IntegrationV2.c,109 :: 		LCDpins &= ~E                 ;
0x039E	0x11D7      	BCF        _LCDpins, 3
;IntegrationV2.c,110 :: 		SPI_to_74HC595 ();
0x039F	0x20A8      	CALL       _SPI_to_74HC595
;IntegrationV2.c,112 :: 		Delay_ms(10);
0x03A0	0x300D      	MOVLW      13
0x03A1	0x00FC      	MOVWF      R12
0x03A2	0x30FB      	MOVLW      251
0x03A3	0x00FD      	MOVWF      R13
L_LCD_init3:
0x03A4	0x0BFD      	DECFSZ     R13, 1
0x03A5	0x2BA4      	GOTO       L_LCD_init3
0x03A6	0x0BFC      	DECFSZ     R12, 1
0x03A7	0x2BA4      	GOTO       L_LCD_init3
0x03A8	0x0000      	NOP
0x03A9	0x0000      	NOP
;IntegrationV2.c,113 :: 		LCDpins |= E  ;        // send 0x3
0x03AA	0x15D7      	BSF        _LCDpins, 3
;IntegrationV2.c,114 :: 		SPI_to_74HC595 ();
0x03AB	0x20A8      	CALL       _SPI_to_74HC595
;IntegrationV2.c,115 :: 		LCDpins &= ~E                  ;
0x03AC	0x11D7      	BCF        _LCDpins, 3
;IntegrationV2.c,116 :: 		SPI_to_74HC595 ();
0x03AD	0x20A8      	CALL       _SPI_to_74HC595
;IntegrationV2.c,118 :: 		Delay_ms(10);
0x03AE	0x300D      	MOVLW      13
0x03AF	0x00FC      	MOVWF      R12
0x03B0	0x30FB      	MOVLW      251
0x03B1	0x00FD      	MOVWF      R13
L_LCD_init4:
0x03B2	0x0BFD      	DECFSZ     R13, 1
0x03B3	0x2BB2      	GOTO       L_LCD_init4
0x03B4	0x0BFC      	DECFSZ     R12, 1
0x03B5	0x2BB2      	GOTO       L_LCD_init4
0x03B6	0x0000      	NOP
0x03B7	0x0000      	NOP
;IntegrationV2.c,119 :: 		LCDpins |= E         ;// send 0x3
0x03B8	0x15D7      	BSF        _LCDpins, 3
;IntegrationV2.c,120 :: 		SPI_to_74HC595 ();
0x03B9	0x20A8      	CALL       _SPI_to_74HC595
;IntegrationV2.c,121 :: 		LCDpins &= ~E         ;
0x03BA	0x11D7      	BCF        _LCDpins, 3
;IntegrationV2.c,122 :: 		SPI_to_74HC595 ();
0x03BB	0x20A8      	CALL       _SPI_to_74HC595
;IntegrationV2.c,124 :: 		Delay_ms(10);
0x03BC	0x300D      	MOVLW      13
0x03BD	0x00FC      	MOVWF      R12
0x03BE	0x30FB      	MOVLW      251
0x03BF	0x00FD      	MOVWF      R13
L_LCD_init5:
0x03C0	0x0BFD      	DECFSZ     R13, 1
0x03C1	0x2BC0      	GOTO       L_LCD_init5
0x03C2	0x0BFC      	DECFSZ     R12, 1
0x03C3	0x2BC0      	GOTO       L_LCD_init5
0x03C4	0x0000      	NOP
0x03C5	0x0000      	NOP
;IntegrationV2.c,125 :: 		LCDpins =  0x20;        // send 0x2 - switch to 4-bit
0x03C6	0x3020      	MOVLW      32
0x03C7	0x00D7      	MOVWF      _LCDpins
;IntegrationV2.c,126 :: 		LCDpins |= E           ;
0x03C8	0x3028      	MOVLW      40
0x03C9	0x00D7      	MOVWF      _LCDpins
;IntegrationV2.c,127 :: 		SPI_to_74HC595();
0x03CA	0x20A8      	CALL       _SPI_to_74HC595
;IntegrationV2.c,128 :: 		LCDpins &= ~E           ;
0x03CB	0x11D7      	BCF        _LCDpins, 3
;IntegrationV2.c,129 :: 		SPI_to_74HC595();
0x03CC	0x20A8      	CALL       _SPI_to_74HC595
;IntegrationV2.c,131 :: 		Delay_ms(10);
0x03CD	0x300D      	MOVLW      13
0x03CE	0x00FC      	MOVWF      R12
0x03CF	0x30FB      	MOVLW      251
0x03D0	0x00FD      	MOVWF      R13
L_LCD_init6:
0x03D1	0x0BFD      	DECFSZ     R13, 1
0x03D2	0x2BD1      	GOTO       L_LCD_init6
0x03D3	0x0BFC      	DECFSZ     R12, 1
0x03D4	0x2BD1      	GOTO       L_LCD_init6
0x03D5	0x0000      	NOP
0x03D6	0x0000      	NOP
;IntegrationV2.c,132 :: 		LCD_sendcmd ( 0x28 );   //4-bit 2-line 5x7-font
0x03D7	0x3028      	MOVLW      40
0x03D8	0x00E1      	MOVWF      FARG_LCD_sendcmd_a
0x03D9	0x212C      	CALL       _LCD_sendcmd
;IntegrationV2.c,133 :: 		Delay_ms(10);
0x03DA	0x300D      	MOVLW      13
0x03DB	0x00FC      	MOVWF      R12
0x03DC	0x30FB      	MOVLW      251
0x03DD	0x00FD      	MOVWF      R13
L_LCD_init7:
0x03DE	0x0BFD      	DECFSZ     R13, 1
0x03DF	0x2BDE      	GOTO       L_LCD_init7
0x03E0	0x0BFC      	DECFSZ     R12, 1
0x03E1	0x2BDE      	GOTO       L_LCD_init7
0x03E2	0x0000      	NOP
0x03E3	0x0000      	NOP
;IntegrationV2.c,134 :: 		LCD_sendcmd ( 0x01 );   //clear display
0x03E4	0x3001      	MOVLW      1
0x03E5	0x00E1      	MOVWF      FARG_LCD_sendcmd_a
0x03E6	0x212C      	CALL       _LCD_sendcmd
;IntegrationV2.c,135 :: 		Delay_ms(10);
0x03E7	0x300D      	MOVLW      13
0x03E8	0x00FC      	MOVWF      R12
0x03E9	0x30FB      	MOVLW      251
0x03EA	0x00FD      	MOVWF      R13
L_LCD_init8:
0x03EB	0x0BFD      	DECFSZ     R13, 1
0x03EC	0x2BEB      	GOTO       L_LCD_init8
0x03ED	0x0BFC      	DECFSZ     R12, 1
0x03EE	0x2BEB      	GOTO       L_LCD_init8
0x03EF	0x0000      	NOP
0x03F0	0x0000      	NOP
;IntegrationV2.c,136 :: 		LCD_sendcmd ( 0x0c );   //turn off cursor, turn on display
0x03F1	0x300C      	MOVLW      12
0x03F2	0x00E1      	MOVWF      FARG_LCD_sendcmd_a
0x03F3	0x212C      	CALL       _LCD_sendcmd
;IntegrationV2.c,137 :: 		Delay_ms(10);
0x03F4	0x300D      	MOVLW      13
0x03F5	0x00FC      	MOVWF      R12
0x03F6	0x30FB      	MOVLW      251
0x03F7	0x00FD      	MOVWF      R13
L_LCD_init9:
0x03F8	0x0BFD      	DECFSZ     R13, 1
0x03F9	0x2BF8      	GOTO       L_LCD_init9
0x03FA	0x0BFC      	DECFSZ     R12, 1
0x03FB	0x2BF8      	GOTO       L_LCD_init9
0x03FC	0x0000      	NOP
0x03FD	0x0000      	NOP
;IntegrationV2.c,138 :: 		LCD_sendcmd ( 0x06 );   //Increment cursor automatically
0x03FE	0x3006      	MOVLW      6
0x03FF	0x00E1      	MOVWF      FARG_LCD_sendcmd_a
0x0400	0x212C      	CALL       _LCD_sendcmd
;IntegrationV2.c,139 :: 		}
L_end_LCD_init:
0x0401	0x0008      	RETURN
; end of _LCD_init
_ser_int:
;IntegrationV2.c,276 :: 		void ser_int()
;IntegrationV2.c,278 :: 		TXSTA=0x20; //BRGH=0, TXEN = 1, Asynchronous Mode, 8-bit mode
0x0402	0x3020      	MOVLW      32
0x0403	0x1683      	BSF        STATUS, 5
0x0404	0x1303      	BCF        STATUS, 6
0x0405	0x0098      	MOVWF      TXSTA
;IntegrationV2.c,279 :: 		RCSTA=0b10000000; //Serial Port enabled,8-bit reception
0x0406	0x3080      	MOVLW      128
0x0407	0x1283      	BCF        STATUS, 5
0x0408	0x0098      	MOVWF      RCSTA
;IntegrationV2.c,281 :: 		SPBRG=5;
0x0409	0x3005      	MOVLW      5
0x040A	0x1683      	BSF        STATUS, 5
0x040B	0x0099      	MOVWF      SPBRG
;IntegrationV2.c,282 :: 		PIR1.TXIF=0;
0x040C	0x1283      	BCF        STATUS, 5
0x040D	0x120C      	BCF        PIR1, 4
;IntegrationV2.c,283 :: 		PIR1.RCIF=0;
0x040E	0x128C      	BCF        PIR1, 5
;IntegrationV2.c,284 :: 		}
L_end_ser_int:
0x040F	0x0008      	RETURN
; end of _ser_int
_Analog_Init:
;IntegrationV2.c,295 :: 		void Analog_Init(){
;IntegrationV2.c,296 :: 		ADCON0 = 0x80;
0x0410	0x3080      	MOVLW      128
0x0411	0x1283      	BCF        STATUS, 5
0x0412	0x1303      	BCF        STATUS, 6
0x0413	0x009F      	MOVWF      ADCON0
;IntegrationV2.c,297 :: 		ADCON1 = 0x80;
0x0414	0x3080      	MOVLW      128
0x0415	0x1683      	BSF        STATUS, 5
0x0416	0x009F      	MOVWF      ADCON1
;IntegrationV2.c,299 :: 		ADCON0.CHS0 = 0;
0x0417	0x1283      	BCF        STATUS, 5
0x0418	0x111F      	BCF        ADCON0, 2
;IntegrationV2.c,300 :: 		ADCON0.CHS1 = 0;
0x0419	0x119F      	BCF        ADCON0, 3
;IntegrationV2.c,301 :: 		ADCON0.CHS2 = 0;
0x041A	0x121F      	BCF        ADCON0, 4
;IntegrationV2.c,302 :: 		ADCON0.ADON = 1;      // enable ADC module
0x041B	0x141F      	BSF        ADCON0, 0
;IntegrationV2.c,303 :: 		}
L_end_Analog_Init:
0x041C	0x0008      	RETURN
; end of _Analog_Init
_SPI_init:
;IntegrationV2.c,37 :: 		void SPI_init()
;IntegrationV2.c,41 :: 		SSPCON.B3=  0;
0x041D	0x1283      	BCF        STATUS, 5
0x041E	0x1303      	BCF        STATUS, 6
0x041F	0x1194      	BCF        SSPCON, 3
;IntegrationV2.c,42 :: 		SSPCON.B2=  0;
0x0420	0x1114      	BCF        SSPCON, 2
;IntegrationV2.c,43 :: 		SSPCON.B1=   0;
0x0421	0x1094      	BCF        SSPCON, 1
;IntegrationV2.c,44 :: 		SSPCON.B0=  0;
0x0422	0x1014      	BCF        SSPCON, 0
;IntegrationV2.c,45 :: 		SSPCON.SSPEN=1;              // enable synchronous serial port
0x0423	0x1694      	BSF        SSPCON, 5
;IntegrationV2.c,47 :: 		SSPCON.CKP=  0;
0x0424	0x1214      	BCF        SSPCON, 4
;IntegrationV2.c,49 :: 		SSPSTAT.CKE=1; //if ckp=0
0x0425	0x1683      	BSF        STATUS, 5
0x0426	0x1714      	BSF        SSPSTAT, 6
;IntegrationV2.c,51 :: 		SSPSTAT.SMP=0;
0x0427	0x1394      	BCF        SSPSTAT, 7
;IntegrationV2.c,52 :: 		TRISC.B3 = 0;                 // define clock pin as output
0x0428	0x1187      	BCF        TRISC, 3
;IntegrationV2.c,53 :: 		TRISC.B5=0;                  // define SDO as output (master ) to lcd
0x0429	0x1287      	BCF        TRISC, 5
;IntegrationV2.c,56 :: 		}
L_end_SPI_init:
0x042A	0x0008      	RETURN
; end of _SPI_init
_PORT_Init:
;IntegrationV2.c,322 :: 		void PORT_Init(){
;IntegrationV2.c,323 :: 		OSCCON =  0X60;                  // Set internal oscillator to 4MHz
0x042B	0x3060      	MOVLW      96
0x042C	0x1683      	BSF        STATUS, 5
0x042D	0x1303      	BCF        STATUS, 6
0x042E	0x008F      	MOVWF      OSCCON
;IntegrationV2.c,324 :: 		ANSEL = 1;                       // Configure RA0 pin as analog (AN0)
0x042F	0x3001      	MOVLW      1
0x0430	0x1703      	BSF        STATUS, 6
0x0431	0x0088      	MOVWF      ANSEL
;IntegrationV2.c,326 :: 		TRISA.F1=1;
0x0432	0x1303      	BCF        STATUS, 6
0x0433	0x1485      	BSF        TRISA, 1
;IntegrationV2.c,327 :: 		TRISC.f6=0;   //Output (TX)
0x0434	0x1307      	BCF        TRISC, 6
;IntegrationV2.c,328 :: 		TRISC.f7=1;   //Input (RX)
0x0435	0x1787      	BSF        TRISC, 7
;IntegrationV2.c,329 :: 		TRISD.F6=1;   //Input change display button
0x0436	0x1708      	BSF        TRISD, 6
;IntegrationV2.c,330 :: 		TRISD.F5=1;   //Input shutdown  button
0x0437	0x1688      	BSF        TRISD, 5
;IntegrationV2.c,331 :: 		TRISD.F0=0;   //output shutdown  button
0x0438	0x1008      	BCF        TRISD, 0
;IntegrationV2.c,333 :: 		TRISE.F0=0;
0x0439	0x1009      	BCF        TRISE, 0
;IntegrationV2.c,337 :: 		portd.f0=0;//output shutdown  button
0x043A	0x1283      	BCF        STATUS, 5
0x043B	0x1008      	BCF        PORTD, 0
;IntegrationV2.c,339 :: 		TRISC.f1=1;                    // Pulse input
0x043C	0x1683      	BSF        STATUS, 5
0x043D	0x1487      	BSF        TRISC, 1
;IntegrationV2.c,342 :: 		Tmr0=0x0c;
0x043E	0x300C      	MOVLW      12
0x043F	0x1283      	BCF        STATUS, 5
0x0440	0x0081      	MOVWF      TMR0
;IntegrationV2.c,343 :: 		Tmr1l=0x00;                  //Least Significant Bit
0x0441	0x018E      	CLRF       TMR1L
;IntegrationV2.c,344 :: 		Tmr1h=0x00;                  //Least Significant Bit
0x0442	0x018F      	CLRF       TMR1H
;IntegrationV2.c,345 :: 		T1CON=0b00000011;            //Enable Timer 1 as counter
0x0443	0x3003      	MOVLW      3
0x0444	0x0090      	MOVWF      T1CON
;IntegrationV2.c,349 :: 		intcon=0b10100000;           //Enabling tmr0 interrupt.
0x0445	0x30A0      	MOVLW      160
0x0446	0x008B      	MOVWF      INTCON
;IntegrationV2.c,350 :: 		option_reg=0b00010111;       //Setting of tmr0.
0x0447	0x3017      	MOVLW      23
0x0448	0x1683      	BSF        STATUS, 5
0x0449	0x0081      	MOVWF      OPTION_REG
;IntegrationV2.c,351 :: 		}
L_end_PORT_Init:
0x044A	0x0008      	RETURN
; end of _PORT_Init
_UART_Out_Heartbeat:
;IntegrationV2.c,456 :: 		void UART_Out_Heartbeat(){
;IntegrationV2.c,458 :: 		for (i=0;i<14;i++)
0x044B	0x1283      	BCF        STATUS, 5
0x044C	0x1303      	BCF        STATUS, 6
0x044D	0x01DE      	CLRF       UART_Out_Heartbeat_i_L0
0x044E	0x01DF      	CLRF       UART_Out_Heartbeat_i_L0+1
L_UART_Out_Heartbeat59:
0x044F	0x3080      	MOVLW      128
0x0450	0x065F      	XORWF      UART_Out_Heartbeat_i_L0+1, 0
0x0451	0x00F0      	MOVWF      R0
0x0452	0x3080      	MOVLW      128
0x0453	0x0270      	SUBWF      R0, 0
0x0454	0x1D03      	BTFSS      STATUS, 2
0x0455	0x2C58      	GOTO       L__UART_Out_Heartbeat99
0x0456	0x300E      	MOVLW      14
0x0457	0x025E      	SUBWF      UART_Out_Heartbeat_i_L0, 0
L__UART_Out_Heartbeat99:
0x0458	0x1803      	BTFSC      STATUS, 0
0x0459	0x2C64      	GOTO       L_UART_Out_Heartbeat60
;IntegrationV2.c,460 :: 		tx(heartbeat_string[i]);
0x045A	0x085E      	MOVF       UART_Out_Heartbeat_i_L0, 0
0x045B	0x3E28      	ADDLW      _heartbeat_String
0x045C	0x0084      	MOVWF      FSR
0x045D	0x0800      	MOVF       INDF, 0
0x045E	0x00E0      	MOVWF      FARG_tx_a
0x045F	0x221C      	CALL       _tx
;IntegrationV2.c,458 :: 		for (i=0;i<14;i++)
0x0460	0x0ADE      	INCF       UART_Out_Heartbeat_i_L0, 1
0x0461	0x1903      	BTFSC      STATUS, 2
0x0462	0x0ADF      	INCF       UART_Out_Heartbeat_i_L0+1, 1
;IntegrationV2.c,461 :: 		}
0x0463	0x2C4F      	GOTO       L_UART_Out_Heartbeat59
L_UART_Out_Heartbeat60:
;IntegrationV2.c,462 :: 		tx(13);
0x0464	0x300D      	MOVLW      13
0x0465	0x00E0      	MOVWF      FARG_tx_a
0x0466	0x221C      	CALL       _tx
;IntegrationV2.c,463 :: 		}
L_end_UART_Out_Heartbeat:
0x0467	0x0008      	RETURN
; end of _UART_Out_Heartbeat
___CC2DW:
;__Lib_System.c,134 :: 		
;__Lib_System.c,137 :: 		
_CC2D_Loop1:
;__Lib_System.c,139 :: 		
0x0468	0x2155      	CALL       _____DoICP
0x0469	0x118A      	BCF        PCLATH, 3
0x046A	0x120A      	BCF        PCLATH, 4
;__Lib_System.c,141 :: 		
0x046B	0x0080      	MOVWF      INDF
;__Lib_System.c,142 :: 		
0x046C	0x0A84      	INCF       FSR, 1
;__Lib_System.c,143 :: 		
0x046D	0x0AD8      	INCF       ___DoICPAddr, 1
;__Lib_System.c,145 :: 		
0x046E	0x1903      	BTFSC      STATUS, 2
;__Lib_System.c,146 :: 		
0x046F	0x0AD9      	INCF       ___DoICPAddr+1, 1
;__Lib_System.c,147 :: 		
0x0470	0x03F0      	DECF       R0, 1
;__Lib_System.c,149 :: 		
0x0471	0x1D03      	BTFSS      STATUS, 2
;__Lib_System.c,150 :: 		
0x0472	0x2C68      	GOTO       _CC2D_Loop1
;__Lib_System.c,152 :: 		
L_end___CC2DW:
0x0473	0x0008      	RETURN
; end of ___CC2DW
_main:
0x0474	0x2572      	CALL       1394
;IntegrationV2.c,187 :: 		void main() {
;IntegrationV2.c,188 :: 		PORT_Init();
0x0475	0x242B      	CALL       _PORT_Init
;IntegrationV2.c,189 :: 		ser_int();
0x0476	0x2402      	CALL       _ser_int
;IntegrationV2.c,190 :: 		Analog_Init();
0x0477	0x2410      	CALL       _Analog_Init
;IntegrationV2.c,191 :: 		SPI_init();
0x0478	0x241D      	CALL       _SPI_init
;IntegrationV2.c,192 :: 		LCD_init();
0x0479	0x238B      	CALL       _LCD_init
;IntegrationV2.c,194 :: 		while(1) {
L_main13:
;IntegrationV2.c,195 :: 		Read_ADC();
0x047A	0x2369      	CALL       _Read_ADC
;IntegrationV2.c,198 :: 		if (Oldtemp!=temp){
0x047B	0x084E      	MOVF       _OldTemp+1, 0
0x047C	0x065B      	XORWF      _Temp+1, 0
0x047D	0x1D03      	BTFSS      STATUS, 2
0x047E	0x2C81      	GOTO       L__main73
0x047F	0x085A      	MOVF       _Temp, 0
0x0480	0x064D      	XORWF      _OldTemp, 0
L__main73:
0x0481	0x1903      	BTFSC      STATUS, 2
0x0482	0x2CBA      	GOTO       L_main15
;IntegrationV2.c,199 :: 		OldTemp=temp;
0x0483	0x085A      	MOVF       _Temp, 0
0x0484	0x00CD      	MOVWF      _OldTemp
0x0485	0x085B      	MOVF       _Temp+1, 0
0x0486	0x00CE      	MOVWF      _OldTemp+1
;IntegrationV2.c,200 :: 		if (temp > 99)
0x0487	0x085B      	MOVF       _Temp+1, 0
0x0488	0x3C00      	SUBLW      0
0x0489	0x1D03      	BTFSS      STATUS, 2
0x048A	0x2C8D      	GOTO       L__main74
0x048B	0x085A      	MOVF       _Temp, 0
0x048C	0x3C63      	SUBLW      99
L__main74:
0x048D	0x1803      	BTFSC      STATUS, 0
0x048E	0x2C92      	GOTO       L_main16
;IntegrationV2.c,201 :: 		temperature_String[7]  = 1 + 48;              // Put 1 (of hundred)
0x048F	0x3031      	MOVLW      49
0x0490	0x00BE      	MOVWF      _temperature_String+7
0x0491	0x2C94      	GOTO       L_main17
L_main16:
;IntegrationV2.c,204 :: 		temperature_String[7]  = ' ';                 // Put space
0x0492	0x3020      	MOVLW      32
0x0493	0x00BE      	MOVWF      _temperature_String+7
L_main17:
;IntegrationV2.c,206 :: 		temperature_String[8]  = (temp / 10) % 10  + 48;
0x0494	0x300A      	MOVLW      10
0x0495	0x00F4      	MOVWF      R4
0x0496	0x3000      	MOVLW      0
0x0497	0x00F5      	MOVWF      R4+1
0x0498	0x085A      	MOVF       _Temp, 0
0x0499	0x00F0      	MOVWF      R0
0x049A	0x085B      	MOVF       _Temp+1, 0
0x049B	0x00F1      	MOVWF      R0+1
0x049C	0x2279      	CALL       _Div_16X16_U
0x049D	0x300A      	MOVLW      10
0x049E	0x00F4      	MOVWF      R4
0x049F	0x3000      	MOVLW      0
0x04A0	0x00F5      	MOVWF      R4+1
0x04A1	0x2279      	CALL       _Div_16X16_U
0x04A2	0x0878      	MOVF       R8, 0
0x04A3	0x00F0      	MOVWF      R0
0x04A4	0x0879      	MOVF       R8+1, 0
0x04A5	0x00F1      	MOVWF      R0+1
0x04A6	0x3030      	MOVLW      48
0x04A7	0x0770      	ADDWF      R0, 0
0x04A8	0x00BF      	MOVWF      _temperature_String+8
;IntegrationV2.c,207 :: 		temperature_String[9]  =  temp % 10  + 48;
0x04A9	0x300A      	MOVLW      10
0x04AA	0x00F4      	MOVWF      R4
0x04AB	0x3000      	MOVLW      0
0x04AC	0x00F5      	MOVWF      R4+1
0x04AD	0x085A      	MOVF       _Temp, 0
0x04AE	0x00F0      	MOVWF      R0
0x04AF	0x085B      	MOVF       _Temp+1, 0
0x04B0	0x00F1      	MOVWF      R0+1
0x04B1	0x2279      	CALL       _Div_16X16_U
0x04B2	0x0878      	MOVF       R8, 0
0x04B3	0x00F0      	MOVWF      R0
0x04B4	0x0879      	MOVF       R8+1, 0
0x04B5	0x00F1      	MOVWF      R0+1
0x04B6	0x3030      	MOVLW      48
0x04B7	0x0770      	ADDWF      R0, 0
0x04B8	0x00C0      	MOVWF      _temperature_String+9
;IntegrationV2.c,208 :: 		Change_Display();
0x04B9	0x2296      	CALL       _Change_Display
;IntegrationV2.c,209 :: 		}
L_main15:
;IntegrationV2.c,211 :: 		if (oldbeat!=beatpermin)
0x04BA	0x084A      	MOVF       _OldBeat+1, 0
0x04BB	0x064C      	XORWF      _beatpermin+1, 0
0x04BC	0x1D03      	BTFSS      STATUS, 2
0x04BD	0x2CC0      	GOTO       L__main75
0x04BE	0x084B      	MOVF       _beatpermin, 0
0x04BF	0x0649      	XORWF      _OldBeat, 0
L__main75:
0x04C0	0x1903      	BTFSC      STATUS, 2
0x04C1	0x2CFC      	GOTO       L_main18
;IntegrationV2.c,213 :: 		OldBeat=beatpermin;
0x04C2	0x084B      	MOVF       _beatpermin, 0
0x04C3	0x00C9      	MOVWF      _OldBeat
0x04C4	0x084C      	MOVF       _beatpermin+1, 0
0x04C5	0x00CA      	MOVWF      _OldBeat+1
;IntegrationV2.c,214 :: 		if (beatpermin > 99)
0x04C6	0x3080      	MOVLW      128
0x04C7	0x00F0      	MOVWF      R0
0x04C8	0x3080      	MOVLW      128
0x04C9	0x064C      	XORWF      _beatpermin+1, 0
0x04CA	0x0270      	SUBWF      R0, 0
0x04CB	0x1D03      	BTFSS      STATUS, 2
0x04CC	0x2CCF      	GOTO       L__main76
0x04CD	0x084B      	MOVF       _beatpermin, 0
0x04CE	0x3C63      	SUBLW      99
L__main76:
0x04CF	0x1803      	BTFSC      STATUS, 0
0x04D0	0x2CD4      	GOTO       L_main19
;IntegrationV2.c,215 :: 		heartbeat_String[7]  = 1 + 48;              // Put 1 (of hundred)
0x04D1	0x3031      	MOVLW      49
0x04D2	0x00AF      	MOVWF      _heartbeat_String+7
0x04D3	0x2CD6      	GOTO       L_main20
L_main19:
;IntegrationV2.c,218 :: 		heartbeat_String[7]  = ' ';                 // Put space
0x04D4	0x3020      	MOVLW      32
0x04D5	0x00AF      	MOVWF      _heartbeat_String+7
L_main20:
;IntegrationV2.c,220 :: 		heartbeat_String[8]  = (beatpermin / 10) % 10  + 48;
0x04D6	0x300A      	MOVLW      10
0x04D7	0x00F4      	MOVWF      R4
0x04D8	0x3000      	MOVLW      0
0x04D9	0x00F5      	MOVWF      R4+1
0x04DA	0x084B      	MOVF       _beatpermin, 0
0x04DB	0x00F0      	MOVWF      R0
0x04DC	0x084C      	MOVF       _beatpermin+1, 0
0x04DD	0x00F1      	MOVWF      R0+1
0x04DE	0x22E1      	CALL       _Div_16x16_S
0x04DF	0x300A      	MOVLW      10
0x04E0	0x00F4      	MOVWF      R4
0x04E1	0x3000      	MOVLW      0
0x04E2	0x00F5      	MOVWF      R4+1
0x04E3	0x22E1      	CALL       _Div_16x16_S
0x04E4	0x0878      	MOVF       R8, 0
0x04E5	0x00F0      	MOVWF      R0
0x04E6	0x0879      	MOVF       R8+1, 0
0x04E7	0x00F1      	MOVWF      R0+1
0x04E8	0x3030      	MOVLW      48
0x04E9	0x0770      	ADDWF      R0, 0
0x04EA	0x00B0      	MOVWF      _heartbeat_String+8
;IntegrationV2.c,221 :: 		heartbeat_String[9]  =  beatpermin % 10  + 48;
0x04EB	0x300A      	MOVLW      10
0x04EC	0x00F4      	MOVWF      R4
0x04ED	0x3000      	MOVLW      0
0x04EE	0x00F5      	MOVWF      R4+1
0x04EF	0x084B      	MOVF       _beatpermin, 0
0x04F0	0x00F0      	MOVWF      R0
0x04F1	0x084C      	MOVF       _beatpermin+1, 0
0x04F2	0x00F1      	MOVWF      R0+1
0x04F3	0x22E1      	CALL       _Div_16x16_S
0x04F4	0x0878      	MOVF       R8, 0
0x04F5	0x00F0      	MOVWF      R0
0x04F6	0x0879      	MOVF       R8+1, 0
0x04F7	0x00F1      	MOVWF      R0+1
0x04F8	0x3030      	MOVLW      48
0x04F9	0x0770      	ADDWF      R0, 0
0x04FA	0x00B1      	MOVWF      _heartbeat_String+9
;IntegrationV2.c,222 :: 		Change_Display();
0x04FB	0x2296      	CALL       _Change_Display
;IntegrationV2.c,223 :: 		}
L_main18:
;IntegrationV2.c,225 :: 		if (changedisplayflag)
0x04FC	0x0853      	MOVF       _changedisplayflag, 0
0x04FD	0x0454      	IORWF      _changedisplayflag+1, 0
0x04FE	0x1903      	BTFSC      STATUS, 2
0x04FF	0x2D03      	GOTO       L_main21
;IntegrationV2.c,227 :: 		Change_Display();
0x0500	0x2296      	CALL       _Change_Display
;IntegrationV2.c,228 :: 		changedisplayflag=0;
0x0501	0x01D3      	CLRF       _changedisplayflag
0x0502	0x01D4      	CLRF       _changedisplayflag+1
;IntegrationV2.c,229 :: 		}
L_main21:
;IntegrationV2.c,231 :: 		if(uartflag)
0x0503	0x0855      	MOVF       _UartFlag, 0
0x0504	0x0456      	IORWF      _UartFlag+1, 0
0x0505	0x1903      	BTFSC      STATUS, 2
0x0506	0x2D27      	GOTO       L_main22
;IntegrationV2.c,233 :: 		UartFlag=0;
0x0507	0x01D5      	CLRF       _UartFlag
0x0508	0x01D6      	CLRF       _UartFlag+1
;IntegrationV2.c,234 :: 		if (buttonCounter==0)
0x0509	0x3000      	MOVLW      0
0x050A	0x0627      	XORWF      _buttonCounter+1, 0
0x050B	0x1D03      	BTFSS      STATUS, 2
0x050C	0x2D0F      	GOTO       L__main77
0x050D	0x3000      	MOVLW      0
0x050E	0x0626      	XORWF      _buttonCounter, 0
L__main77:
0x050F	0x1D03      	BTFSS      STATUS, 2
0x0510	0x2D14      	GOTO       L_main23
;IntegrationV2.c,236 :: 		UART_Out_Temperature();
0x0511	0x234A      	CALL       _UART_Out_Temperature
;IntegrationV2.c,237 :: 		UART_Out_Heartbeat();
0x0512	0x244B      	CALL       _UART_Out_Heartbeat
;IntegrationV2.c,238 :: 		}
0x0513	0x2D27      	GOTO       L_main24
L_main23:
;IntegrationV2.c,239 :: 		else if(buttonCounter==1)
0x0514	0x3000      	MOVLW      0
0x0515	0x0627      	XORWF      _buttonCounter+1, 0
0x0516	0x1D03      	BTFSS      STATUS, 2
0x0517	0x2D1A      	GOTO       L__main78
0x0518	0x3001      	MOVLW      1
0x0519	0x0626      	XORWF      _buttonCounter, 0
L__main78:
0x051A	0x1D03      	BTFSS      STATUS, 2
0x051B	0x2D1E      	GOTO       L_main25
;IntegrationV2.c,241 :: 		UART_Out_Temperature();
0x051C	0x234A      	CALL       _UART_Out_Temperature
;IntegrationV2.c,242 :: 		}
0x051D	0x2D27      	GOTO       L_main26
L_main25:
;IntegrationV2.c,243 :: 		else if(buttonCounter==2)
0x051E	0x3000      	MOVLW      0
0x051F	0x0627      	XORWF      _buttonCounter+1, 0
0x0520	0x1D03      	BTFSS      STATUS, 2
0x0521	0x2D24      	GOTO       L__main79
0x0522	0x3002      	MOVLW      2
0x0523	0x0626      	XORWF      _buttonCounter, 0
L__main79:
0x0524	0x1D03      	BTFSS      STATUS, 2
0x0525	0x2D27      	GOTO       L_main27
;IntegrationV2.c,245 :: 		UART_Out_Heartbeat();
0x0526	0x244B      	CALL       _UART_Out_Heartbeat
;IntegrationV2.c,246 :: 		}
L_main27:
L_main26:
L_main24:
;IntegrationV2.c,247 :: 		}
L_main22:
;IntegrationV2.c,249 :: 		if (shutdownflag)
0x0527	0x084F      	MOVF       _shutdownflag, 0
0x0528	0x0450      	IORWF      _shutdownflag+1, 0
0x0529	0x1903      	BTFSC      STATUS, 2
0x052A	0x2D3A      	GOTO       L_main28
;IntegrationV2.c,251 :: 		lCD_Home();
0x052B	0x2266      	CALL       _LCD_Home
;IntegrationV2.c,252 :: 		while(portd.f5==0)
L_main29:
0x052C	0x1A88      	BTFSC      PORTD, 5
0x052D	0x2D30      	GOTO       L_main30
;IntegrationV2.c,254 :: 		portd.f0=1;
0x052E	0x1408      	BSF        PORTD, 0
;IntegrationV2.c,256 :: 		}
0x052F	0x2D2C      	GOTO       L_main29
L_main30:
;IntegrationV2.c,257 :: 		portd.f0=0;
0x0530	0x1008      	BCF        PORTD, 0
;IntegrationV2.c,259 :: 		TMR1H=0;
0x0531	0x018F      	CLRF       TMR1H
;IntegrationV2.c,260 :: 		TMR1L=0;
0x0532	0x018E      	CLRF       TMR1L
;IntegrationV2.c,261 :: 		interruptCounter=0;
0x0533	0x01D1      	CLRF       _interruptCounter
0x0534	0x01D2      	CLRF       _interruptCounter+1
;IntegrationV2.c,262 :: 		beatpermin=0;
0x0535	0x01CB      	CLRF       _beatpermin
0x0536	0x01CC      	CLRF       _beatpermin+1
;IntegrationV2.c,263 :: 		shutdownflag=0;
0x0537	0x01CF      	CLRF       _shutdownflag
0x0538	0x01D0      	CLRF       _shutdownflag+1
;IntegrationV2.c,264 :: 		Change_Display();
0x0539	0x2296      	CALL       _Change_Display
;IntegrationV2.c,265 :: 		}
L_main28:
;IntegrationV2.c,273 :: 		}
0x053A	0x2C7A      	GOTO       L_main13
;IntegrationV2.c,275 :: 		}
L_end_main:
0x053B	0x2D3B      	GOTO       $+0
; end of _main
0x0572	0x3026      	MOVLW      38
0x0573	0x0084      	MOVWF      FSR
0x0574	0x3031      	MOVLW      49
0x0575	0x1283      	BCF        STATUS, 5
0x0576	0x1303      	BCF        STATUS, 6
0x0577	0x00F0      	MOVWF      R0
0x0578	0x3041      	MOVLW      65
0x0579	0x00D8      	MOVWF      ___DoICPAddr
0x057A	0x3005      	MOVLW      5
0x057B	0x00D9      	MOVWF      89
0x057C	0x2468      	CALL       1128
0x057D	0x0008      	RETURN
;IntegrationV2.c,0 :: ?ICS_buttonCounter
0x0541	0x3400 ;?ICS_buttonCounter+0
0x0542	0x3400 ;?ICS_buttonCounter+1
; end of ?ICS_buttonCounter
;IntegrationV2.c,0 :: ?ICS_heartbeat_String
0x0543	0x3420 ;?ICS_heartbeat_String+0
0x0544	0x3442 ;?ICS_heartbeat_String+1
0x0545	0x3465 ;?ICS_heartbeat_String+2
0x0546	0x3461 ;?ICS_heartbeat_String+3
0x0547	0x3474 ;?ICS_heartbeat_String+4
0x0548	0x3420 ;?ICS_heartbeat_String+5
0x0549	0x343D ;?ICS_heartbeat_String+6
0x054A	0x3420 ;?ICS_heartbeat_String+7
0x054B	0x3430 ;?ICS_heartbeat_String+8
0x054C	0x3430 ;?ICS_heartbeat_String+9
0x054D	0x3420 ;?ICS_heartbeat_String+10
0x054E	0x3462 ;?ICS_heartbeat_String+11
0x054F	0x3470 ;?ICS_heartbeat_String+12
0x0550	0x346D ;?ICS_heartbeat_String+13
0x0551	0x3400 ;?ICS_heartbeat_String+14
; end of ?ICS_heartbeat_String
;IntegrationV2.c,0 :: ?ICS_temperature_String
0x0552	0x3420 ;?ICS_temperature_String+0
0x0553	0x3454 ;?ICS_temperature_String+1
0x0554	0x3465 ;?ICS_temperature_String+2
0x0555	0x346D ;?ICS_temperature_String+3
0x0556	0x3470 ;?ICS_temperature_String+4
0x0557	0x3420 ;?ICS_temperature_String+5
0x0558	0x343D ;?ICS_temperature_String+6
0x0559	0x3420 ;?ICS_temperature_String+7
0x055A	0x3430 ;?ICS_temperature_String+8
0x055B	0x3430 ;?ICS_temperature_String+9
0x055C	0x342E ;?ICS_temperature_String+10
0x055D	0x3430 ;?ICS_temperature_String+11
0x055E	0x3430 ;?ICS_temperature_String+12
0x055F	0x3420 ;?ICS_temperature_String+13
0x0560	0x3443 ;?ICS_temperature_String+14
0x0561	0x3400 ;?ICS_temperature_String+15
; end of ?ICS_temperature_String
;IntegrationV2.c,0 :: ?ICS_UartCounter
0x0562	0x3400 ;?ICS_UartCounter+0
0x0563	0x3400 ;?ICS_UartCounter+1
; end of ?ICS_UartCounter
;IntegrationV2.c,0 :: ?ICS_OldBeat
0x0564	0x3400 ;?ICS_OldBeat+0
0x0565	0x3400 ;?ICS_OldBeat+1
; end of ?ICS_OldBeat
;IntegrationV2.c,0 :: ?ICS_beatpermin
0x0566	0x3400 ;?ICS_beatpermin+0
0x0567	0x3400 ;?ICS_beatpermin+1
; end of ?ICS_beatpermin
;IntegrationV2.c,0 :: ?ICS_OldTemp
0x0568	0x3400 ;?ICS_OldTemp+0
0x0569	0x3400 ;?ICS_OldTemp+1
; end of ?ICS_OldTemp
;IntegrationV2.c,0 :: ?ICS_shutdownflag
0x056A	0x3400 ;?ICS_shutdownflag+0
0x056B	0x3400 ;?ICS_shutdownflag+1
; end of ?ICS_shutdownflag
;IntegrationV2.c,0 :: ?ICS_interruptCounter
0x056C	0x3400 ;?ICS_interruptCounter+0
0x056D	0x3400 ;?ICS_interruptCounter+1
; end of ?ICS_interruptCounter
;IntegrationV2.c,0 :: ?ICS_changedisplayflag
0x056E	0x3400 ;?ICS_changedisplayflag+0
0x056F	0x3400 ;?ICS_changedisplayflag+1
; end of ?ICS_changedisplayflag
;IntegrationV2.c,0 :: ?ICS_UartFlag
0x0570	0x3400 ;?ICS_UartFlag+0
0x0571	0x3400 ;?ICS_UartFlag+1
; end of ?ICS_UartFlag
Symbol List:
//** Routines locations **
//ADDRESS    SIZE    PROCEDURE
//----------------------------------------------
0x0004     [152]    _interrupt
0x009C      [12]    _wr_SPI
0x00A8       [8]    _SPI_to_74HC595
0x00B0      [34]    _LCD_sendbyte
0x00D2       [7]    _RES032
0x00D9      [12]    _SETFUN32
0x00E5       [4]    _FIXSIGN32
0x00E9      [47]    _NRM3232
0x0118       [7]    _LCD_sendchar
0x011F      [13]    _SETIOV3224
0x012C       [7]    _LCD_sendcmd
0x0133      [12]    _SETFOV32
0x013F      [22]    _word2double
0x0155       [7]    _____DoICP
0x015C      [95]    _double2word
0x01BB      [97]    _Mul_32x32_FP
0x021C       [9]    _tx
0x0225       [6]    _LCD_second_row
0x022B      [15]    _LCD_send_string
0x023A      [44]    _Div_16x16_S_L
0x0266      [19]    _LCD_Home
0x0279      [29]    _Div_16X16_U
0x0296      [75]    _Change_Display
0x02E1     [105]    _Div_16x16_S
0x034A      [31]    _UART_Out_Temperature
0x0369      [34]    _Read_ADC
0x038B     [119]    _LCD_init
0x0402      [14]    _ser_int
0x0410      [13]    _Analog_Init
0x041D      [14]    _SPI_init
0x042B      [32]    _PORT_Init
0x044B      [29]    _UART_Out_Heartbeat
0x0468      [12]    ___CC2DW
0x0474     [199]    _main
//** Variables locations ** 
//ADDRESS    SIZE    VARIABLE
//----------------------------------------------
0x0000       [1]    INDF
0x0001       [1]    TMR0
0x0002       [1]    PCL
0x0003       [1]    STATUS
0x0004       [1]    FSR
0x0008       [1]    PORTD
0x0009       [1]    PORTE
0x000A       [1]    PCLATH
0x000B       [1]    INTCON
0x000C       [1]    PIR1
0x000E       [1]    TMR1L
0x000F       [1]    TMR1H
0x0010       [1]    T1CON
0x0013       [1]    SSPBUF
0x0014       [1]    SSPCON
0x0018       [1]    RCSTA
0x0019       [1]    TXREG
0x001E       [1]    ADRESH
0x001F       [1]    ADCON0
0x0020       [1]    __math_tempbD
0x0026       [2]    _buttonCounter
0x0028      [15]    _heartbeat_String
0x0037      [16]    _temperature_String
0x0047       [2]    _UartCounter
0x0049       [2]    _OldBeat
0x004B       [2]    _beatpermin
0x004D       [2]    _OldTemp
0x004F       [2]    _shutdownflag
0x0051       [2]    _interruptCounter
0x0053       [2]    _changedisplayflag
0x0055       [2]    _UartFlag
0x0057       [1]    _LCDpins
0x0058       [2]    ___DoICPAddr
0x005A       [2]    _Temp
0x005C       [1]    ___saveSTATUS
0x005D       [1]    ___savePCLATH
0x005E       [2]    UART_Out_Heartbeat_i_L0
0x005E       [2]    UART_Out_Temperature_i_L0
0x0060       [1]    FARG_tx_a
0x0060       [1]    FARG_LCD_send_string_str_ptr
0x0061       [1]    FARG_LCD_sendcmd_a
0x0061       [1]    FARG_LCD_sendchar_a
0x0062       [1]    FARG_LCD_sendbyte_tosend
0x0063       [1]    FARG_wr_SPI_dat
0x0070       [1]    R0
0x0071       [1]    R1
0x0072       [1]    R2
0x0073       [1]    R3
0x0074       [1]    R4
0x0075       [1]    R5
0x0076       [1]    R6
0x0077       [1]    R7
0x0078       [1]    R8
0x0079       [1]    R9
0x007A       [1]    R10
0x007B       [1]    R11
0x007C       [1]    R12
0x007D       [1]    R13
0x007E       [1]    R14
0x007F       [1]    R15
0x0081       [1]    OPTION_REG
0x0085       [1]    TRISA
0x0087       [1]    TRISC
0x0088       [1]    TRISD
0x0089       [1]    TRISE
0x008F       [1]    OSCCON
0x0094       [1]    SSPSTAT
0x0098       [1]    TXSTA
0x0099       [1]    SPBRG
0x009E       [1]    ADRESL
0x009F       [1]    ADCON1
0x0188       [1]    ANSEL
//** Constants locations ** 
//ADDRESS    SIZE    CONSTANT
//----------------------------------------------
0x0541       [2]    ?ICS_buttonCounter
0x0543      [15]    ?ICS_heartbeat_String
0x0552      [16]    ?ICS_temperature_String
0x0562       [2]    ?ICS_UartCounter
0x0564       [2]    ?ICS_OldBeat
0x0566       [2]    ?ICS_beatpermin
0x0568       [2]    ?ICS_OldTemp
0x056A       [2]    ?ICS_shutdownflag
0x056C       [2]    ?ICS_interruptCounter
0x056E       [2]    ?ICS_changedisplayflag
0x0570       [2]    ?ICS_UartFlag
